2024-05-30 13:09:38,700 INFO org.springframework.boot.StartupInfoLogger [main] Starting Application using Java 11.0.16.1 on macpro-6186 with PID 91660 (/Users/ttierney/Documents/GitHub/ml-ms-poc/ms-data-hub-581/marklogic-data-hub-central-5.8.1.war started by ttierney in /Users/ttierney/Documents/GitHub/ml-ms-poc/ms-data-hub-581)
2024-05-30 13:09:38,702 INFO org.springframework.boot.SpringApplication [main] No active profile set, falling back to 1 default profile: "default"
2024-05-30 13:09:39,708 INFO org.apache.juli.logging.DirectJDKLog [main] Initializing ProtocolHandler ["http-nio-8080"]
2024-05-30 13:09:39,708 INFO org.apache.juli.logging.DirectJDKLog [main] Starting service [Tomcat]
2024-05-30 13:09:39,708 INFO org.apache.juli.logging.DirectJDKLog [main] Starting Servlet engine: [Apache Tomcat/9.0.65]
2024-05-30 13:09:40,799 INFO org.apache.juli.logging.DirectJDKLog [main] Initializing Spring embedded WebApplicationContext
2024-05-30 13:09:40,973 INFO com.marklogic.hub.central.HubCentral [main] Will connect to MarkLogic host: localhost
2024-05-30 13:09:40,973 INFO com.marklogic.hub.central.HubCentral [main] Hub Central is available at port: 8080
2024-05-30 13:09:41,554 INFO org.apache.juli.logging.DirectJDKLog [main] Starting ProtocolHandler ["http-nio-8080"]
2024-05-30 13:09:41,906 INFO org.springframework.boot.StartupInfoLogger [main] Started Application in 3.576 seconds (JVM running for 3.913)
2024-05-30 13:09:58,951 INFO org.apache.juli.logging.DirectJDKLog [http-nio-8080-exec-1] Initializing Spring DispatcherServlet 'dispatcherServlet'
2024-05-30 13:10:14,084 INFO com.marklogic.hub.impl.HubConfigImpl [http-nio-8080-exec-3] Reading the datahub config for hubcentral from the datahubConfig.json file successful
2024-05-30 13:10:14,099 INFO com.marklogic.appdeployer.DefaultAppConfigFactory [http-nio-8080-exec-3] App host: localhost
2024-05-30 13:10:14,099 INFO com.marklogic.appdeployer.DefaultAppConfigFactory [http-nio-8080-exec-3] REST admin username: DrSmith
2024-05-30 13:10:14,100 INFO com.marklogic.appdeployer.DefaultAppConfigFactory [http-nio-8080-exec-3] App Services username: DrSmith
2024-05-30 13:10:14,100 INFO com.marklogic.appdeployer.DefaultAppConfigFactory [http-nio-8080-exec-3] Module permissions: %%mlModulePermissions%%
2024-05-30 13:10:14,103 INFO com.marklogic.mgmt.admin.DefaultAdminConfigFactory [http-nio-8080-exec-3] Admin interface host: localhost
2024-05-30 13:10:14,103 INFO com.marklogic.mgmt.admin.DefaultAdminConfigFactory [http-nio-8080-exec-3] Admin interface username: DrSmith
2024-05-30 13:10:14,105 INFO com.marklogic.mgmt.DefaultManageConfigFactory [http-nio-8080-exec-3] Manage host: localhost
2024-05-30 13:10:14,106 INFO com.marklogic.mgmt.DefaultManageConfigFactory [http-nio-8080-exec-3] Manage username: DrSmith
2024-05-30 13:10:14,106 INFO com.marklogic.mgmt.DefaultManageConfigFactory [http-nio-8080-exec-3] Manage user with security role: DrSmith
2024-05-30 13:10:14,169 INFO com.marklogic.mgmt.ManageClient [http-nio-8080-exec-3] Initializing ManageClient with manage config of: [ManageConfig host: localhost, port: 8002, username: DrSmith, security username: DrSmith]
2024-05-30 13:10:14,181 INFO com.marklogic.mgmt.ManageClient [http-nio-8080-exec-3] Initializing ManageClient with manage config of: [ManageConfig host: localhost, port: 8002, username: DrSmith, security username: DrSmith]
2024-05-30 13:37:03,370 INFO org.springframework.boot.StartupInfoLogger [main] Starting Application using Java 11.0.16.1 on macpro-6186 with PID 99566 (/Users/ttierney/Documents/GitHub/ml-ms-poc/ms-data-hub-581/marklogic-data-hub-central-5.8.1.war started by ttierney in /Users/ttierney/Documents/GitHub/ml-ms-poc/ms-data-hub-581)
2024-05-30 13:37:03,373 INFO org.springframework.boot.SpringApplication [main] No active profile set, falling back to 1 default profile: "default"
2024-05-30 13:37:04,530 INFO org.apache.juli.logging.DirectJDKLog [main] Initializing ProtocolHandler ["http-nio-8080"]
2024-05-30 13:37:04,531 INFO org.apache.juli.logging.DirectJDKLog [main] Starting service [Tomcat]
2024-05-30 13:37:04,531 INFO org.apache.juli.logging.DirectJDKLog [main] Starting Servlet engine: [Apache Tomcat/9.0.65]
2024-05-30 13:37:05,721 INFO org.apache.juli.logging.DirectJDKLog [main] Initializing Spring embedded WebApplicationContext
2024-05-30 13:37:05,948 INFO com.marklogic.hub.central.HubCentral [main] Will connect to MarkLogic host: localhost
2024-05-30 13:37:05,948 INFO com.marklogic.hub.central.HubCentral [main] Hub Central is available at port: 8080
2024-05-30 13:37:06,638 INFO org.apache.juli.logging.DirectJDKLog [main] Starting ProtocolHandler ["http-nio-8080"]
2024-05-30 13:37:06,659 INFO org.apache.juli.logging.DirectJDKLog [main] Pausing ProtocolHandler ["http-nio-8080"]
2024-05-30 13:37:06,659 INFO org.apache.juli.logging.DirectJDKLog [main] Stopping service [Tomcat]
2024-05-30 13:37:06,666 INFO org.apache.juli.logging.DirectJDKLog [main] Stopping ProtocolHandler ["http-nio-8080"]
2024-05-30 13:37:06,667 INFO org.apache.juli.logging.DirectJDKLog [main] Destroying ProtocolHandler ["http-nio-8080"]
2024-05-30 13:37:06,691 ERROR org.springframework.boot.diagnostics.LoggingFailureAnalysisReporter [main] 

***************************
APPLICATION FAILED TO START
***************************

Description:

Web server failed to start. Port 8080 was already in use.

Action:

Identify and stop the process that's listening on port 8080 or configure this application to listen on another port.

2024-05-30 13:37:15,495 INFO org.springframework.boot.StartupInfoLogger [main] Starting Application using Java 11.0.16.1 on macpro-6186 with PID 99623 (/Users/ttierney/Documents/GitHub/ml-ms-poc/ms-data-hub-581/marklogic-data-hub-central-5.8.1.war started by ttierney in /Users/ttierney/Documents/GitHub/ml-ms-poc/ms-data-hub-581)
2024-05-30 13:37:15,497 INFO org.springframework.boot.SpringApplication [main] No active profile set, falling back to 1 default profile: "default"
2024-05-30 13:37:16,698 INFO org.apache.juli.logging.DirectJDKLog [main] Initializing ProtocolHandler ["http-nio-8080"]
2024-05-30 13:37:16,698 INFO org.apache.juli.logging.DirectJDKLog [main] Starting service [Tomcat]
2024-05-30 13:37:16,698 INFO org.apache.juli.logging.DirectJDKLog [main] Starting Servlet engine: [Apache Tomcat/9.0.65]
2024-05-30 13:37:17,923 INFO org.apache.juli.logging.DirectJDKLog [main] Initializing Spring embedded WebApplicationContext
2024-05-30 13:37:18,149 INFO com.marklogic.hub.central.HubCentral [main] Will connect to MarkLogic host: localhost
2024-05-30 13:37:18,149 INFO com.marklogic.hub.central.HubCentral [main] Hub Central is available at port: 8080
2024-05-30 13:37:18,898 INFO org.apache.juli.logging.DirectJDKLog [main] Starting ProtocolHandler ["http-nio-8080"]
2024-05-30 13:37:19,342 INFO org.springframework.boot.StartupInfoLogger [main] Started Application in 4.257 seconds (JVM running for 4.592)
2024-05-30 13:37:25,829 INFO org.apache.juli.logging.DirectJDKLog [http-nio-8080-exec-1] Initializing Spring DispatcherServlet 'dispatcherServlet'
2024-05-30 13:37:32,711 WARN okhttp3.internal.platform.Platform [http-nio-8080-exec-3] Previous digest authentication with same nonce failed, returning null
2024-05-30 13:37:32,712 INFO com.marklogic.hub.impl.HubConfigImpl [http-nio-8080-exec-3] Could not find the datahubConfig.json file. Logging the cause for the failure
2024-05-30 13:37:32,712 INFO com.marklogic.hub.impl.HubConfigImpl [http-nio-8080-exec-3] Local message: failed to POST at /data-hub/5/data-services/system/getDataHubConfig.sjs: Unauthorized. Server Message: Unauthorized
2024-05-30 13:37:32,726 INFO com.marklogic.appdeployer.DefaultAppConfigFactory [http-nio-8080-exec-3] App host: localhost
2024-05-30 13:37:32,727 INFO com.marklogic.appdeployer.DefaultAppConfigFactory [http-nio-8080-exec-3] REST admin username: DrSmith
2024-05-30 13:37:32,727 INFO com.marklogic.appdeployer.DefaultAppConfigFactory [http-nio-8080-exec-3] App Services username: DrSmith
2024-05-30 13:37:32,730 INFO com.marklogic.mgmt.admin.DefaultAdminConfigFactory [http-nio-8080-exec-3] Admin interface host: localhost
2024-05-30 13:37:32,730 INFO com.marklogic.mgmt.admin.DefaultAdminConfigFactory [http-nio-8080-exec-3] Admin interface username: DrSmith
2024-05-30 13:37:32,733 INFO com.marklogic.mgmt.DefaultManageConfigFactory [http-nio-8080-exec-3] Manage host: localhost
2024-05-30 13:37:32,733 INFO com.marklogic.mgmt.DefaultManageConfigFactory [http-nio-8080-exec-3] Manage username: DrSmith
2024-05-30 13:37:32,733 INFO com.marklogic.mgmt.DefaultManageConfigFactory [http-nio-8080-exec-3] Manage user with security role: DrSmith
2024-05-30 13:37:32,813 INFO com.marklogic.mgmt.ManageClient [http-nio-8080-exec-3] Initializing ManageClient with manage config of: [ManageConfig host: localhost, port: 8002, username: DrSmith, security username: DrSmith]
2024-05-30 13:37:32,831 INFO com.marklogic.mgmt.ManageClient [http-nio-8080-exec-3] Initializing ManageClient with manage config of: [ManageConfig host: localhost, port: 8002, username: DrSmith, security username: DrSmith]
2024-05-30 13:37:32,848 WARN okhttp3.internal.platform.Platform [http-nio-8080-exec-3] Previous digest authentication with same nonce failed, returning null
2024-05-30 13:37:35,384 INFO com.marklogic.hub.impl.HubConfigImpl [http-nio-8080-exec-4] Reading the datahub config for hubcentral from the datahubConfig.json file successful
2024-05-30 13:37:35,385 INFO com.marklogic.appdeployer.DefaultAppConfigFactory [http-nio-8080-exec-4] App host: localhost
2024-05-30 13:37:35,385 INFO com.marklogic.appdeployer.DefaultAppConfigFactory [http-nio-8080-exec-4] REST admin username: DrSmith
2024-05-30 13:37:35,385 INFO com.marklogic.appdeployer.DefaultAppConfigFactory [http-nio-8080-exec-4] App Services username: DrSmith
2024-05-30 13:37:35,385 INFO com.marklogic.appdeployer.DefaultAppConfigFactory [http-nio-8080-exec-4] Module permissions: %%mlModulePermissions%%
2024-05-30 13:37:35,386 INFO com.marklogic.mgmt.admin.DefaultAdminConfigFactory [http-nio-8080-exec-4] Admin interface host: localhost
2024-05-30 13:37:35,386 INFO com.marklogic.mgmt.admin.DefaultAdminConfigFactory [http-nio-8080-exec-4] Admin interface username: DrSmith
2024-05-30 13:37:35,386 INFO com.marklogic.mgmt.DefaultManageConfigFactory [http-nio-8080-exec-4] Manage host: localhost
2024-05-30 13:37:35,386 INFO com.marklogic.mgmt.DefaultManageConfigFactory [http-nio-8080-exec-4] Manage username: DrSmith
2024-05-30 13:37:35,387 INFO com.marklogic.mgmt.DefaultManageConfigFactory [http-nio-8080-exec-4] Manage user with security role: DrSmith
2024-05-30 13:37:35,395 INFO com.marklogic.mgmt.ManageClient [http-nio-8080-exec-4] Initializing ManageClient with manage config of: [ManageConfig host: localhost, port: 8002, username: DrSmith, security username: DrSmith]
2024-05-30 13:37:35,404 INFO com.marklogic.mgmt.ManageClient [http-nio-8080-exec-4] Initializing ManageClient with manage config of: [ManageConfig host: localhost, port: 8002, username: DrSmith, security username: DrSmith]
2024-05-30 14:14:44,221 INFO com.marklogic.hub.impl.HubConfigImpl [http-nio-8080-exec-2] Reading the datahub config for hubcentral from the datahubConfig.json file successful
2024-05-30 14:14:44,230 INFO com.marklogic.appdeployer.DefaultAppConfigFactory [http-nio-8080-exec-2] App host: localhost
2024-05-30 14:14:44,230 INFO com.marklogic.appdeployer.DefaultAppConfigFactory [http-nio-8080-exec-2] REST admin username: DrSmith
2024-05-30 14:14:44,231 INFO com.marklogic.appdeployer.DefaultAppConfigFactory [http-nio-8080-exec-2] App Services username: DrSmith
2024-05-30 14:14:44,231 INFO com.marklogic.appdeployer.DefaultAppConfigFactory [http-nio-8080-exec-2] Module permissions: %%mlModulePermissions%%
2024-05-30 14:14:44,232 INFO com.marklogic.mgmt.admin.DefaultAdminConfigFactory [http-nio-8080-exec-2] Admin interface host: localhost
2024-05-30 14:14:44,233 INFO com.marklogic.mgmt.admin.DefaultAdminConfigFactory [http-nio-8080-exec-2] Admin interface username: DrSmith
2024-05-30 14:14:44,233 INFO com.marklogic.mgmt.DefaultManageConfigFactory [http-nio-8080-exec-2] Manage host: localhost
2024-05-30 14:14:44,233 INFO com.marklogic.mgmt.DefaultManageConfigFactory [http-nio-8080-exec-2] Manage username: DrSmith
2024-05-30 14:14:44,234 INFO com.marklogic.mgmt.DefaultManageConfigFactory [http-nio-8080-exec-2] Manage user with security role: DrSmith
2024-05-30 14:14:44,246 INFO com.marklogic.mgmt.ManageClient [http-nio-8080-exec-2] Initializing ManageClient with manage config of: [ManageConfig host: localhost, port: 8002, username: DrSmith, security username: DrSmith]
2024-05-30 14:14:44,257 INFO com.marklogic.mgmt.ManageClient [http-nio-8080-exec-2] Initializing ManageClient with manage config of: [ManageConfig host: localhost, port: 8002, username: DrSmith, security username: DrSmith]
2024-05-30 14:47:04,708 ERROR org.apache.juli.logging.DirectJDKLog [http-nio-8080-exec-8] Servlet.service() for servlet [dispatcherServlet] threw exception
java.lang.IllegalStateException: Cannot create a session after the response has been committed
	at org.apache.catalina.connector.Request.doGetSession(Request.java:3060)
	at org.apache.catalina.connector.Request.getSession(Request.java:2492)
	at org.apache.catalina.connector.RequestFacade.getSession(RequestFacade.java:908)
	at javax.servlet.http.HttpServletRequestWrapper.getSession(HttpServletRequestWrapper.java:244)
	at org.apache.catalina.core.ApplicationHttpRequest.getSession(ApplicationHttpRequest.java:585)
	at org.apache.catalina.core.ApplicationHttpRequest.getSession(ApplicationHttpRequest.java:529)
	at com.marklogic.hub.central.auth.SessionMonitorInterceptor.preHandle(SessionMonitorInterceptor.java:31)
	at org.springframework.web.servlet.HandlerExecutionChain.applyPreHandle(HandlerExecutionChain.java:148)
	at org.springframework.web.servlet.DispatcherServlet.doDispatch(DispatcherServlet.java:1065)
	at org.springframework.web.servlet.DispatcherServlet.doService(DispatcherServlet.java:963)
	at org.springframework.web.servlet.FrameworkServlet.processRequest(FrameworkServlet.java:1006)
	at org.springframework.web.servlet.FrameworkServlet.doPost(FrameworkServlet.java:909)
	at javax.servlet.http.HttpServlet.service(HttpServlet.java:681)
	at org.springframework.web.servlet.FrameworkServlet.service(FrameworkServlet.java:883)
	at javax.servlet.http.HttpServlet.service(HttpServlet.java:764)
	at org.apache.catalina.core.ApplicationFilterChain.internalDoFilter(ApplicationFilterChain.java:227)
	at org.apache.catalina.core.ApplicationFilterChain.doFilter(ApplicationFilterChain.java:162)
	at org.springframework.web.filter.OncePerRequestFilter.doFilter(OncePerRequestFilter.java:102)
	at org.apache.catalina.core.ApplicationFilterChain.internalDoFilter(ApplicationFilterChain.java:189)
	at org.apache.catalina.core.ApplicationFilterChain.doFilter(ApplicationFilterChain.java:162)
	at org.springframework.web.filter.RequestContextFilter.doFilterInternal(RequestContextFilter.java:100)
	at org.springframework.web.filter.OncePerRequestFilter.doFilter(OncePerRequestFilter.java:117)
	at org.apache.catalina.core.ApplicationFilterChain.internalDoFilter(ApplicationFilterChain.java:189)
	at org.apache.catalina.core.ApplicationFilterChain.doFilter(ApplicationFilterChain.java:162)
	at org.springframework.web.filter.OncePerRequestFilter.doFilter(OncePerRequestFilter.java:102)
	at org.apache.catalina.core.ApplicationFilterChain.internalDoFilter(ApplicationFilterChain.java:189)
	at org.apache.catalina.core.ApplicationFilterChain.doFilter(ApplicationFilterChain.java:162)
	at org.springframework.web.filter.OncePerRequestFilter.doFilter(OncePerRequestFilter.java:102)
	at org.apache.catalina.core.ApplicationFilterChain.internalDoFilter(ApplicationFilterChain.java:189)
	at org.apache.catalina.core.ApplicationFilterChain.doFilter(ApplicationFilterChain.java:162)
	at org.apache.catalina.core.ApplicationDispatcher.invoke(ApplicationDispatcher.java:711)
	at org.apache.catalina.core.ApplicationDispatcher.doInclude(ApplicationDispatcher.java:578)
	at org.apache.catalina.core.ApplicationDispatcher.include(ApplicationDispatcher.java:517)
	at org.apache.catalina.core.StandardHostValve.custom(StandardHostValve.java:384)
	at org.apache.catalina.core.StandardHostValve.throwable(StandardHostValve.java:327)
	at org.apache.catalina.core.AsyncContextImpl.setErrorState(AsyncContextImpl.java:439)
	at org.apache.catalina.connector.CoyoteAdapter.asyncDispatch(CoyoteAdapter.java:167)
	at org.apache.coyote.AbstractProcessor.dispatch(AbstractProcessor.java:241)
	at org.apache.coyote.AbstractProcessorLight.process(AbstractProcessorLight.java:59)
	at org.apache.coyote.AbstractProtocol$ConnectionHandler.process(AbstractProtocol.java:890)
	at org.apache.tomcat.util.net.NioEndpoint$SocketProcessor.doRun(NioEndpoint.java:1789)
	at org.apache.tomcat.util.net.SocketProcessorBase.run(SocketProcessorBase.java:49)
	at org.apache.tomcat.util.threads.ThreadPoolExecutor.runWorker(ThreadPoolExecutor.java:1191)
	at org.apache.tomcat.util.threads.ThreadPoolExecutor$Worker.run(ThreadPoolExecutor.java:659)
	at org.apache.tomcat.util.threads.TaskThread$WrappingRunnable.run(TaskThread.java:61)
	at java.base/java.lang.Thread.run(Thread.java:829)
2024-05-30 14:47:04,710 ERROR org.apache.juli.logging.DirectJDKLog [http-nio-8080-exec-8] Exception Processing ErrorPage[exceptionType=java.lang.Throwable, location=/error]
org.springframework.web.util.NestedServletException: Request processing failed; nested exception is java.lang.IllegalStateException: Cannot create a session after the response has been committed
	at org.springframework.web.servlet.FrameworkServlet.processRequest(FrameworkServlet.java:1014)
	at org.springframework.web.servlet.FrameworkServlet.doPost(FrameworkServlet.java:909)
	at javax.servlet.http.HttpServlet.service(HttpServlet.java:681)
	at org.springframework.web.servlet.FrameworkServlet.service(FrameworkServlet.java:883)
	at javax.servlet.http.HttpServlet.service(HttpServlet.java:764)
	at org.apache.catalina.core.ApplicationFilterChain.internalDoFilter(ApplicationFilterChain.java:227)
	at org.apache.catalina.core.ApplicationFilterChain.doFilter(ApplicationFilterChain.java:162)
	at org.springframework.web.filter.OncePerRequestFilter.doFilter(OncePerRequestFilter.java:102)
	at org.apache.catalina.core.ApplicationFilterChain.internalDoFilter(ApplicationFilterChain.java:189)
	at org.apache.catalina.core.ApplicationFilterChain.doFilter(ApplicationFilterChain.java:162)
	at org.springframework.web.filter.RequestContextFilter.doFilterInternal(RequestContextFilter.java:100)
	at org.springframework.web.filter.OncePerRequestFilter.doFilter(OncePerRequestFilter.java:117)
	at org.apache.catalina.core.ApplicationFilterChain.internalDoFilter(ApplicationFilterChain.java:189)
	at org.apache.catalina.core.ApplicationFilterChain.doFilter(ApplicationFilterChain.java:162)
	at org.springframework.web.filter.OncePerRequestFilter.doFilter(OncePerRequestFilter.java:102)
	at org.apache.catalina.core.ApplicationFilterChain.internalDoFilter(ApplicationFilterChain.java:189)
	at org.apache.catalina.core.ApplicationFilterChain.doFilter(ApplicationFilterChain.java:162)
	at org.springframework.web.filter.OncePerRequestFilter.doFilter(OncePerRequestFilter.java:102)
	at org.apache.catalina.core.ApplicationFilterChain.internalDoFilter(ApplicationFilterChain.java:189)
	at org.apache.catalina.core.ApplicationFilterChain.doFilter(ApplicationFilterChain.java:162)
	at org.apache.catalina.core.ApplicationDispatcher.invoke(ApplicationDispatcher.java:711)
	at org.apache.catalina.core.ApplicationDispatcher.doInclude(ApplicationDispatcher.java:578)
	at org.apache.catalina.core.ApplicationDispatcher.include(ApplicationDispatcher.java:517)
	at org.apache.catalina.core.StandardHostValve.custom(StandardHostValve.java:384)
	at org.apache.catalina.core.StandardHostValve.throwable(StandardHostValve.java:327)
	at org.apache.catalina.core.AsyncContextImpl.setErrorState(AsyncContextImpl.java:439)
	at org.apache.catalina.connector.CoyoteAdapter.asyncDispatch(CoyoteAdapter.java:167)
	at org.apache.coyote.AbstractProcessor.dispatch(AbstractProcessor.java:241)
	at org.apache.coyote.AbstractProcessorLight.process(AbstractProcessorLight.java:59)
	at org.apache.coyote.AbstractProtocol$ConnectionHandler.process(AbstractProtocol.java:890)
	at org.apache.tomcat.util.net.NioEndpoint$SocketProcessor.doRun(NioEndpoint.java:1789)
	at org.apache.tomcat.util.net.SocketProcessorBase.run(SocketProcessorBase.java:49)
	at org.apache.tomcat.util.threads.ThreadPoolExecutor.runWorker(ThreadPoolExecutor.java:1191)
	at org.apache.tomcat.util.threads.ThreadPoolExecutor$Worker.run(ThreadPoolExecutor.java:659)
	at org.apache.tomcat.util.threads.TaskThread$WrappingRunnable.run(TaskThread.java:61)
	at java.base/java.lang.Thread.run(Thread.java:829)
Caused by: java.lang.IllegalStateException: Cannot create a session after the response has been committed
	at org.apache.catalina.connector.Request.doGetSession(Request.java:3060)
	at org.apache.catalina.connector.Request.getSession(Request.java:2492)
	at org.apache.catalina.connector.RequestFacade.getSession(RequestFacade.java:908)
	at javax.servlet.http.HttpServletRequestWrapper.getSession(HttpServletRequestWrapper.java:244)
	at org.apache.catalina.core.ApplicationHttpRequest.getSession(ApplicationHttpRequest.java:585)
	at org.apache.catalina.core.ApplicationHttpRequest.getSession(ApplicationHttpRequest.java:529)
	at com.marklogic.hub.central.auth.SessionMonitorInterceptor.preHandle(SessionMonitorInterceptor.java:31)
	at org.springframework.web.servlet.HandlerExecutionChain.applyPreHandle(HandlerExecutionChain.java:148)
	at org.springframework.web.servlet.DispatcherServlet.doDispatch(DispatcherServlet.java:1065)
	at org.springframework.web.servlet.DispatcherServlet.doService(DispatcherServlet.java:963)
	at org.springframework.web.servlet.FrameworkServlet.processRequest(FrameworkServlet.java:1006)
	... 35 common frames omitted
2024-05-30 14:52:43,155 INFO com.marklogic.hub.impl.HubConfigImpl [http-nio-8080-exec-2] Reading the datahub config for hubcentral from the datahubConfig.json file successful
2024-05-30 14:52:43,157 INFO com.marklogic.appdeployer.DefaultAppConfigFactory [http-nio-8080-exec-2] App host: localhost
2024-05-30 14:52:43,157 INFO com.marklogic.appdeployer.DefaultAppConfigFactory [http-nio-8080-exec-2] REST admin username: DrSmith
2024-05-30 14:52:43,158 INFO com.marklogic.appdeployer.DefaultAppConfigFactory [http-nio-8080-exec-2] App Services username: DrSmith
2024-05-30 14:52:43,158 INFO com.marklogic.appdeployer.DefaultAppConfigFactory [http-nio-8080-exec-2] Module permissions: %%mlModulePermissions%%
2024-05-30 14:52:43,159 INFO com.marklogic.mgmt.admin.DefaultAdminConfigFactory [http-nio-8080-exec-2] Admin interface host: localhost
2024-05-30 14:52:43,159 INFO com.marklogic.mgmt.admin.DefaultAdminConfigFactory [http-nio-8080-exec-2] Admin interface username: DrSmith
2024-05-30 14:52:43,159 INFO com.marklogic.mgmt.DefaultManageConfigFactory [http-nio-8080-exec-2] Manage host: localhost
2024-05-30 14:52:43,159 INFO com.marklogic.mgmt.DefaultManageConfigFactory [http-nio-8080-exec-2] Manage username: DrSmith
2024-05-30 14:52:43,159 INFO com.marklogic.mgmt.DefaultManageConfigFactory [http-nio-8080-exec-2] Manage user with security role: DrSmith
2024-05-30 14:52:43,170 INFO com.marklogic.mgmt.ManageClient [http-nio-8080-exec-2] Initializing ManageClient with manage config of: [ManageConfig host: localhost, port: 8002, username: DrSmith, security username: DrSmith]
2024-05-30 14:52:43,181 INFO com.marklogic.mgmt.ManageClient [http-nio-8080-exec-2] Initializing ManageClient with manage config of: [ManageConfig host: localhost, port: 8002, username: DrSmith, security username: DrSmith]
2024-05-30 16:52:03,444 INFO com.marklogic.hub.impl.HubConfigImpl [http-nio-8080-exec-9] Reading the datahub config for hubcentral from the datahubConfig.json file successful
2024-05-30 16:52:03,462 INFO com.marklogic.appdeployer.DefaultAppConfigFactory [http-nio-8080-exec-9] App host: localhost
2024-05-30 16:52:03,463 INFO com.marklogic.appdeployer.DefaultAppConfigFactory [http-nio-8080-exec-9] REST admin username: DrSmith
2024-05-30 16:52:03,463 INFO com.marklogic.appdeployer.DefaultAppConfigFactory [http-nio-8080-exec-9] App Services username: DrSmith
2024-05-30 16:52:03,464 INFO com.marklogic.appdeployer.DefaultAppConfigFactory [http-nio-8080-exec-9] Module permissions: %%mlModulePermissions%%
2024-05-30 16:52:03,466 INFO com.marklogic.mgmt.admin.DefaultAdminConfigFactory [http-nio-8080-exec-9] Admin interface host: localhost
2024-05-30 16:52:03,467 INFO com.marklogic.mgmt.admin.DefaultAdminConfigFactory [http-nio-8080-exec-9] Admin interface username: DrSmith
2024-05-30 16:52:03,468 INFO com.marklogic.mgmt.DefaultManageConfigFactory [http-nio-8080-exec-9] Manage host: localhost
2024-05-30 16:52:03,469 INFO com.marklogic.mgmt.DefaultManageConfigFactory [http-nio-8080-exec-9] Manage username: DrSmith
2024-05-30 16:52:03,470 INFO com.marklogic.mgmt.DefaultManageConfigFactory [http-nio-8080-exec-9] Manage user with security role: DrSmith
2024-05-30 16:52:03,546 INFO com.marklogic.mgmt.ManageClient [http-nio-8080-exec-9] Initializing ManageClient with manage config of: [ManageConfig host: localhost, port: 8002, username: DrSmith, security username: DrSmith]
2024-05-30 16:52:03,581 INFO com.marklogic.mgmt.ManageClient [http-nio-8080-exec-9] Initializing ManageClient with manage config of: [ManageConfig host: localhost, port: 8002, username: DrSmith, security username: DrSmith]
