2024-08-13 12:32:04,019 INFO com.marklogic.hub.impl.HubConfigImpl [http-nio-8080-exec-8] Reading the datahub config for hubcentral from the datahubConfig.json file successful
2024-08-13 12:32:04,023 INFO com.marklogic.appdeployer.DefaultAppConfigFactory [http-nio-8080-exec-8] App host: localhost
2024-08-13 12:32:04,023 INFO com.marklogic.appdeployer.DefaultAppConfigFactory [http-nio-8080-exec-8] REST admin username: DrSmith
2024-08-13 12:32:04,023 INFO com.marklogic.appdeployer.DefaultAppConfigFactory [http-nio-8080-exec-8] App Services username: DrSmith
2024-08-13 12:32:04,024 INFO com.marklogic.appdeployer.DefaultAppConfigFactory [http-nio-8080-exec-8] Module permissions: %%mlModulePermissions%%
2024-08-13 12:32:04,024 INFO com.marklogic.mgmt.admin.DefaultAdminConfigFactory [http-nio-8080-exec-8] Admin interface host: localhost
2024-08-13 12:32:04,024 INFO com.marklogic.mgmt.admin.DefaultAdminConfigFactory [http-nio-8080-exec-8] Admin interface username: DrSmith
2024-08-13 12:32:04,024 INFO com.marklogic.mgmt.DefaultManageConfigFactory [http-nio-8080-exec-8] Manage host: localhost
2024-08-13 12:32:04,024 INFO com.marklogic.mgmt.DefaultManageConfigFactory [http-nio-8080-exec-8] Manage username: DrSmith
2024-08-13 12:32:04,025 INFO com.marklogic.mgmt.DefaultManageConfigFactory [http-nio-8080-exec-8] Manage user with security role: DrSmith
2024-08-13 12:32:04,042 INFO com.marklogic.mgmt.ManageClient [http-nio-8080-exec-8] Initializing ManageClient with manage config of: [ManageConfig host: localhost, port: 8002, username: DrSmith, security username: DrSmith]
2024-08-13 12:32:04,055 INFO com.marklogic.mgmt.ManageClient [http-nio-8080-exec-8] Initializing ManageClient with manage config of: [ManageConfig host: localhost, port: 8002, username: DrSmith, security username: DrSmith]
2024-08-13 12:32:24,443 INFO com.marklogic.hub.central.controllers.FlowController [http-nio-8080-exec-10] Uploading files to /var/folders/v1/38lpnmpd28b_ff0gzm4xd4tdc4d2ft/T/ingestion-11350097739739219227 in the server. If 'inputFilePath'  is specified in the ingestion step, this path overrides it.
2024-08-13 12:32:24,451 INFO com.marklogic.hub.central.controllers.FlowController [http-nio-8080-exec-10] Files successfully uploaded
2024-08-13 12:32:25,072 INFO com.marklogic.hub.step.impl.FileCollector [pool-15-thread-1] Finding files in directory: /var/folders/v1/38lpnmpd28b_ff0gzm4xd4tdc4d2ft/T/ingestion-11350097739739219227
2024-08-13 12:32:26,070 INFO com.marklogic.client.datamovement.impl.WriteBatcherImpl [pool-15-thread-1] (withForestConfig) Using forests on [localhost] hosts for "navy-STAGING"
2024-08-13 12:32:26,072 INFO com.marklogic.client.datamovement.impl.WriteBatcherImpl [pool-15-thread-1] Adding DatabaseClient on port 8010 for host "localhost" to the rotation
2024-08-13 12:32:26,081 INFO com.marklogic.client.datamovement.impl.WriteBatcherImpl [pool-15-thread-1] threadCount=4
2024-08-13 12:32:26,081 INFO com.marklogic.client.datamovement.impl.WriteBatcherImpl [pool-15-thread-1] batchSize=100
2024-08-13 12:32:26,108 INFO com.marklogic.client.datamovement.impl.WriteBatcherImpl [Thread-10] flushing 50 queued docs
2024-08-13 12:46:40,537 INFO com.marklogic.hub.central.controllers.ModelController [http-nio-8080-exec-6] Generating model-based resource configurations
2024-08-13 12:46:40,563 INFO com.marklogic.hub.central.controllers.ModelController [http-nio-8080-exec-6] Deploying search options
2024-08-13 12:46:41,240 INFO com.marklogic.hub.central.controllers.ModelController [http-nio-8080-exec-6] Deploying protected paths
2024-08-13 12:46:41,241 INFO com.marklogic.hub.central.controllers.ModelController [http-nio-8080-exec-6] Deploying query rolesets
2024-08-13 12:46:41,242 INFO com.marklogic.hub.central.controllers.ModelController [http-nio-8080-exec-6] Deploying database indexes
2024-08-13 12:46:41,243 INFO com.marklogic.mgmt.ManageClient [http-nio-8080-exec-6] Sending JSON GET request as user 'DrSmith' to path: /manage/v2/databases/navy-STAGING/properties
2024-08-13 12:46:42,494 INFO com.marklogic.mgmt.ManageClient [http-nio-8080-exec-6] Sending JSON PUT request as user 'DrSmith' to path: /manage/v2/databases/navy-STAGING/properties
2024-08-13 12:46:43,650 INFO com.marklogic.mgmt.ManageClient [http-nio-8080-exec-6] Sending JSON GET request as user 'DrSmith' to path: /manage/v2/databases/navy-FINAL/properties
2024-08-13 12:46:43,760 INFO com.marklogic.mgmt.ManageClient [http-nio-8080-exec-6] Sending JSON PUT request as user 'DrSmith' to path: /manage/v2/databases/navy-FINAL/properties
2024-08-13 12:46:44,303 INFO com.marklogic.hub.central.controllers.ModelController [http-nio-8080-exec-6] Finished generating and deploying model-based resource configurations, time: 3766
2024-08-13 13:01:54,412 INFO com.marklogic.hub.step.impl.QueryStepRunner [pool-17-thread-1] Collecting items for step '2' in flow 'weaponsFlow'
2024-08-13 13:01:54,478 INFO com.marklogic.hub.step.impl.QueryStepRunner [pool-17-thread-1] Count of items collected: 100; will be processed in a single batch based on batchSize of 100
2024-08-13 13:01:55,027 INFO com.marklogic.client.datamovement.impl.QueryBatcherImpl [pool-17-thread-1] (withForestConfig) Using forests on [localhost] hosts for "navy-STAGING"
2024-08-13 13:01:55,028 INFO com.marklogic.hub.step.impl.QueryStepRunner [pool-17-thread-1] Starting processing of items for step '2' in flow 'weaponsFlow'
2024-08-13 13:01:55,028 INFO com.marklogic.client.datamovement.impl.QueryBatcherImpl [pool-17-thread-1] Starting job forest length=3, docBatchSize=100, docToUriBatchRatio=1, threadCount=4, onUrisReady listeners=2, failure listeners=4
2024-08-13 13:01:55,813 INFO com.marklogic.client.datamovement.impl.QueryBatcherImpl$QueryThreadPoolExecutor [Thread-11] Job complete, jobBatchNumber=1, jobResultsSoFar=100
2024-08-13 13:01:55,814 INFO com.marklogic.hub.step.impl.QueryStepRunner [Thread-11] Finished processing of items for step '2' in flow 'weaponsFlow'
2024-08-13 13:03:33,041 INFO com.marklogic.hub.step.impl.QueryStepRunner [pool-19-thread-1] Collecting items for step '2' in flow 'weaponsFlow'
2024-08-13 13:03:33,104 INFO com.marklogic.hub.step.impl.QueryStepRunner [pool-19-thread-1] Count of items collected: 100; will be processed in a single batch based on batchSize of 100
2024-08-13 13:03:33,109 INFO com.marklogic.client.datamovement.impl.QueryBatcherImpl [pool-19-thread-1] (withForestConfig) Using forests on [localhost] hosts for "navy-STAGING"
2024-08-13 13:03:33,109 INFO com.marklogic.hub.step.impl.QueryStepRunner [pool-19-thread-1] Starting processing of items for step '2' in flow 'weaponsFlow'
2024-08-13 13:03:33,109 INFO com.marklogic.client.datamovement.impl.QueryBatcherImpl [pool-19-thread-1] Starting job forest length=3, docBatchSize=100, docToUriBatchRatio=1, threadCount=4, onUrisReady listeners=2, failure listeners=4
2024-08-13 13:03:33,471 INFO com.marklogic.client.datamovement.impl.QueryBatcherImpl$QueryThreadPoolExecutor [Thread-12] Job complete, jobBatchNumber=1, jobResultsSoFar=100
2024-08-13 13:03:33,471 INFO com.marklogic.hub.step.impl.QueryStepRunner [Thread-12] Finished processing of items for step '2' in flow 'weaponsFlow'
2024-08-13 13:04:41,995 INFO com.marklogic.hub.central.controllers.FlowController [http-nio-8080-exec-6] Uploading files to /var/folders/v1/38lpnmpd28b_ff0gzm4xd4tdc4d2ft/T/ingestion-15805422150584381508 in the server. If 'inputFilePath'  is specified in the ingestion step, this path overrides it.
2024-08-13 13:04:41,999 INFO com.marklogic.hub.central.controllers.FlowController [http-nio-8080-exec-6] Files successfully uploaded
2024-08-13 13:04:42,073 INFO com.marklogic.hub.step.impl.FileCollector [pool-21-thread-1] Finding files in directory: /var/folders/v1/38lpnmpd28b_ff0gzm4xd4tdc4d2ft/T/ingestion-15805422150584381508
2024-08-13 13:04:42,080 INFO com.marklogic.client.datamovement.impl.WriteBatcherImpl [pool-21-thread-1] (withForestConfig) Using forests on [localhost] hosts for "navy-STAGING"
2024-08-13 13:04:42,080 INFO com.marklogic.client.datamovement.impl.WriteBatcherImpl [pool-21-thread-1] Adding DatabaseClient on port 8010 for host "localhost" to the rotation
2024-08-13 13:04:42,081 INFO com.marklogic.client.datamovement.impl.WriteBatcherImpl [pool-21-thread-1] threadCount=4
2024-08-13 13:04:42,081 INFO com.marklogic.client.datamovement.impl.WriteBatcherImpl [pool-21-thread-1] batchSize=100
2024-08-13 13:04:42,084 INFO com.marklogic.client.datamovement.impl.WriteBatcherImpl [Thread-13] flushing 50 queued docs
2024-08-13 13:04:43,369 INFO com.marklogic.hub.step.impl.QueryStepRunner [pool-21-thread-1] Collecting items for step '2' in flow 'weaponsFlow'
2024-08-13 13:04:43,389 INFO com.marklogic.hub.step.impl.QueryStepRunner [pool-21-thread-1] Count of items collected: 50; will be processed in a single batch based on batchSize of 100
2024-08-13 13:04:43,392 INFO com.marklogic.client.datamovement.impl.QueryBatcherImpl [pool-21-thread-1] (withForestConfig) Using forests on [localhost] hosts for "navy-STAGING"
2024-08-13 13:04:43,392 INFO com.marklogic.hub.step.impl.QueryStepRunner [pool-21-thread-1] Starting processing of items for step '2' in flow 'weaponsFlow'
2024-08-13 13:04:43,392 INFO com.marklogic.client.datamovement.impl.QueryBatcherImpl [pool-21-thread-1] Starting job forest length=3, docBatchSize=100, docToUriBatchRatio=1, threadCount=4, onUrisReady listeners=2, failure listeners=4
2024-08-13 13:04:43,579 INFO com.marklogic.client.datamovement.impl.QueryBatcherImpl$QueryThreadPoolExecutor [Thread-14] Job complete, jobBatchNumber=1, jobResultsSoFar=50
2024-08-13 13:04:43,579 INFO com.marklogic.hub.step.impl.QueryStepRunner [Thread-14] Finished processing of items for step '2' in flow 'weaponsFlow'
2024-08-13 15:38:10,324 WARN okhttp3.internal.platform.Platform [http-nio-8080-exec-1] Previous digest authentication with same nonce failed, returning null
2024-08-13 15:38:10,328 INFO com.marklogic.hub.impl.HubConfigImpl [http-nio-8080-exec-1] Could not find the datahubConfig.json file. Logging the cause for the failure
2024-08-13 15:38:10,328 INFO com.marklogic.hub.impl.HubConfigImpl [http-nio-8080-exec-1] Local message: failed to POST at /data-hub/5/data-services/system/getDataHubConfig.sjs: Unauthorized. Server Message: Unauthorized
2024-08-13 15:38:10,329 INFO com.marklogic.appdeployer.DefaultAppConfigFactory [http-nio-8080-exec-1] App host: localhost
2024-08-13 15:38:10,330 INFO com.marklogic.appdeployer.DefaultAppConfigFactory [http-nio-8080-exec-1] REST admin username: DrSmith
2024-08-13 15:38:10,330 INFO com.marklogic.appdeployer.DefaultAppConfigFactory [http-nio-8080-exec-1] App Services username: DrSmith
2024-08-13 15:38:10,331 INFO com.marklogic.mgmt.admin.DefaultAdminConfigFactory [http-nio-8080-exec-1] Admin interface host: localhost
2024-08-13 15:38:10,331 INFO com.marklogic.mgmt.admin.DefaultAdminConfigFactory [http-nio-8080-exec-1] Admin interface username: DrSmith
2024-08-13 15:38:10,332 INFO com.marklogic.mgmt.DefaultManageConfigFactory [http-nio-8080-exec-1] Manage host: localhost
2024-08-13 15:38:10,332 INFO com.marklogic.mgmt.DefaultManageConfigFactory [http-nio-8080-exec-1] Manage username: DrSmith
2024-08-13 15:38:10,332 INFO com.marklogic.mgmt.DefaultManageConfigFactory [http-nio-8080-exec-1] Manage user with security role: DrSmith
2024-08-13 15:38:10,346 INFO com.marklogic.mgmt.ManageClient [http-nio-8080-exec-1] Initializing ManageClient with manage config of: [ManageConfig host: localhost, port: 8002, username: DrSmith, security username: DrSmith]
2024-08-13 15:38:10,357 INFO com.marklogic.mgmt.ManageClient [http-nio-8080-exec-1] Initializing ManageClient with manage config of: [ManageConfig host: localhost, port: 8002, username: DrSmith, security username: DrSmith]
2024-08-13 15:38:10,369 WARN okhttp3.internal.platform.Platform [http-nio-8080-exec-1] Previous digest authentication with same nonce failed, returning null
2024-08-13 15:38:14,347 INFO com.marklogic.hub.impl.HubConfigImpl [http-nio-8080-exec-8] Reading the datahub config for hubcentral from the datahubConfig.json file successful
2024-08-13 15:38:14,347 INFO com.marklogic.appdeployer.DefaultAppConfigFactory [http-nio-8080-exec-8] App host: localhost
2024-08-13 15:38:14,347 INFO com.marklogic.appdeployer.DefaultAppConfigFactory [http-nio-8080-exec-8] REST admin username: DrSmith
2024-08-13 15:38:14,348 INFO com.marklogic.appdeployer.DefaultAppConfigFactory [http-nio-8080-exec-8] App Services username: DrSmith
2024-08-13 15:38:14,348 INFO com.marklogic.appdeployer.DefaultAppConfigFactory [http-nio-8080-exec-8] Module permissions: %%mlModulePermissions%%
2024-08-13 15:38:14,348 INFO com.marklogic.mgmt.admin.DefaultAdminConfigFactory [http-nio-8080-exec-8] Admin interface host: localhost
2024-08-13 15:38:14,348 INFO com.marklogic.mgmt.admin.DefaultAdminConfigFactory [http-nio-8080-exec-8] Admin interface username: DrSmith
2024-08-13 15:38:14,348 INFO com.marklogic.mgmt.DefaultManageConfigFactory [http-nio-8080-exec-8] Manage host: localhost
2024-08-13 15:38:14,348 INFO com.marklogic.mgmt.DefaultManageConfigFactory [http-nio-8080-exec-8] Manage username: DrSmith
2024-08-13 15:38:14,349 INFO com.marklogic.mgmt.DefaultManageConfigFactory [http-nio-8080-exec-8] Manage user with security role: DrSmith
2024-08-13 15:38:14,355 INFO com.marklogic.mgmt.ManageClient [http-nio-8080-exec-8] Initializing ManageClient with manage config of: [ManageConfig host: localhost, port: 8002, username: DrSmith, security username: DrSmith]
2024-08-13 15:38:14,363 INFO com.marklogic.mgmt.ManageClient [http-nio-8080-exec-8] Initializing ManageClient with manage config of: [ManageConfig host: localhost, port: 8002, username: DrSmith, security username: DrSmith]
2024-08-13 15:58:17,351 INFO com.marklogic.hub.step.impl.QueryStepRunner [pool-24-thread-1] Collecting items for step '2' in flow 'weaponPartsFlow'
2024-08-13 15:58:17,426 INFO com.marklogic.hub.step.impl.QueryStepRunner [pool-24-thread-1] Count of items collected: 224; will be processed in 3 batches based on batchSize of 100
2024-08-13 15:58:18,007 INFO com.marklogic.client.datamovement.impl.QueryBatcherImpl [pool-24-thread-1] (withForestConfig) Using forests on [localhost] hosts for "navy-STAGING"
2024-08-13 15:58:18,008 INFO com.marklogic.hub.step.impl.QueryStepRunner [pool-24-thread-1] Starting processing of items for step '2' in flow 'weaponPartsFlow'
2024-08-13 15:58:18,009 INFO com.marklogic.client.datamovement.impl.QueryBatcherImpl [pool-24-thread-1] Starting job forest length=3, docBatchSize=100, docToUriBatchRatio=1, threadCount=4, onUrisReady listeners=2, failure listeners=4
2024-08-13 15:58:18,944 INFO com.marklogic.client.datamovement.impl.QueryBatcherImpl$QueryThreadPoolExecutor [Thread-17] Job complete, jobBatchNumber=3, jobResultsSoFar=224
2024-08-13 15:58:18,945 INFO com.marklogic.hub.step.impl.QueryStepRunner [Thread-17] Finished processing of items for step '2' in flow 'weaponPartsFlow'
2024-08-13 15:58:25,555 INFO com.marklogic.hub.step.impl.QueryStepRunner [pool-26-thread-1] Collecting items for step '2' in flow 'weaponsFlow'
2024-08-13 15:58:25,650 INFO com.marklogic.hub.step.impl.QueryStepRunner [pool-26-thread-1] Count of items collected: 50; will be processed in a single batch based on batchSize of 100
2024-08-13 15:58:25,656 INFO com.marklogic.client.datamovement.impl.QueryBatcherImpl [pool-26-thread-1] (withForestConfig) Using forests on [localhost] hosts for "navy-STAGING"
2024-08-13 15:58:25,656 INFO com.marklogic.hub.step.impl.QueryStepRunner [pool-26-thread-1] Starting processing of items for step '2' in flow 'weaponsFlow'
2024-08-13 15:58:25,657 INFO com.marklogic.client.datamovement.impl.QueryBatcherImpl [pool-26-thread-1] Starting job forest length=3, docBatchSize=100, docToUriBatchRatio=1, threadCount=4, onUrisReady listeners=2, failure listeners=4
2024-08-13 15:58:25,933 INFO com.marklogic.client.datamovement.impl.QueryBatcherImpl$QueryThreadPoolExecutor [Thread-18] Job complete, jobBatchNumber=1, jobResultsSoFar=50
2024-08-13 15:58:25,934 INFO com.marklogic.hub.step.impl.QueryStepRunner [Thread-18] Finished processing of items for step '2' in flow 'weaponsFlow'
2024-08-13 16:01:33,560 INFO com.marklogic.hub.step.impl.QueryStepRunner [pool-28-thread-1] Collecting items for step '2' in flow 'weaponsFlow'
2024-08-13 16:01:33,647 INFO com.marklogic.hub.step.impl.QueryStepRunner [pool-28-thread-1] Count of items collected: 50; will be processed in a single batch based on batchSize of 100
2024-08-13 16:01:34,244 INFO com.marklogic.client.datamovement.impl.QueryBatcherImpl [pool-28-thread-1] (withForestConfig) Using forests on [localhost] hosts for "navy-STAGING"
2024-08-13 16:01:34,245 INFO com.marklogic.hub.step.impl.QueryStepRunner [pool-28-thread-1] Starting processing of items for step '2' in flow 'weaponsFlow'
2024-08-13 16:01:34,245 INFO com.marklogic.client.datamovement.impl.QueryBatcherImpl [pool-28-thread-1] Starting job forest length=3, docBatchSize=100, docToUriBatchRatio=1, threadCount=4, onUrisReady listeners=2, failure listeners=4
2024-08-13 16:01:34,976 INFO com.marklogic.client.datamovement.impl.QueryBatcherImpl$QueryThreadPoolExecutor [Thread-19] Job complete, jobBatchNumber=1, jobResultsSoFar=50
2024-08-13 16:01:34,977 INFO com.marklogic.hub.step.impl.QueryStepRunner [Thread-19] Finished processing of items for step '2' in flow 'weaponsFlow'
