2024-06-10 09:33:10,853 INFO org.apache.juli.logging.DirectJDKLog [http-nio-8080-exec-1] Initializing Spring DispatcherServlet 'dispatcherServlet'
2024-06-10 09:33:11,209 INFO com.marklogic.hub.impl.HubConfigImpl [http-nio-8080-exec-1] Reading the datahub config for hubcentral from the datahubConfig.json file successful
2024-06-10 09:33:11,222 INFO com.marklogic.appdeployer.DefaultAppConfigFactory [http-nio-8080-exec-1] App host: localhost
2024-06-10 09:33:11,223 INFO com.marklogic.appdeployer.DefaultAppConfigFactory [http-nio-8080-exec-1] REST admin username: DrSmith
2024-06-10 09:33:11,223 INFO com.marklogic.appdeployer.DefaultAppConfigFactory [http-nio-8080-exec-1] App Services username: DrSmith
2024-06-10 09:33:11,223 INFO com.marklogic.appdeployer.DefaultAppConfigFactory [http-nio-8080-exec-1] Module permissions: %%mlModulePermissions%%
2024-06-10 09:33:11,225 INFO com.marklogic.mgmt.admin.DefaultAdminConfigFactory [http-nio-8080-exec-1] Admin interface host: localhost
2024-06-10 09:33:11,226 INFO com.marklogic.mgmt.admin.DefaultAdminConfigFactory [http-nio-8080-exec-1] Admin interface username: DrSmith
2024-06-10 09:33:11,228 INFO com.marklogic.mgmt.DefaultManageConfigFactory [http-nio-8080-exec-1] Manage host: localhost
2024-06-10 09:33:11,229 INFO com.marklogic.mgmt.DefaultManageConfigFactory [http-nio-8080-exec-1] Manage username: DrSmith
2024-06-10 09:33:11,229 INFO com.marklogic.mgmt.DefaultManageConfigFactory [http-nio-8080-exec-1] Manage user with security role: DrSmith
2024-06-10 09:33:11,292 INFO com.marklogic.mgmt.ManageClient [http-nio-8080-exec-1] Initializing ManageClient with manage config of: [ManageConfig host: localhost, port: 8002, username: DrSmith, security username: DrSmith]
2024-06-10 09:33:11,316 INFO com.marklogic.mgmt.ManageClient [http-nio-8080-exec-1] Initializing ManageClient with manage config of: [ManageConfig host: localhost, port: 8002, username: DrSmith, security username: DrSmith]
2024-06-10 09:33:17,026 INFO com.marklogic.hub.step.impl.QueryStepRunner [pool-1-thread-1] Collecting items for step '1' in flow 'TaxEntity'
2024-06-10 09:33:17,556 INFO com.marklogic.hub.step.impl.QueryStepRunner [pool-1-thread-1] Count of items collected: 59431; will be processed in 595 batches based on batchSize of 100
2024-06-10 09:33:18,361 INFO com.marklogic.client.datamovement.impl.QueryBatcherImpl [pool-1-thread-1] (withForestConfig) Using forests on [localhost] hosts for "ms-provider-STAGING"
2024-06-10 09:33:18,372 INFO com.marklogic.hub.step.impl.QueryStepRunner [pool-1-thread-1] Starting processing of items for step '1' in flow 'TaxEntity'
2024-06-10 09:33:18,374 INFO com.marklogic.client.datamovement.impl.QueryBatcherImpl [pool-1-thread-1] Starting job forest length=3, docBatchSize=100, docToUriBatchRatio=1, threadCount=4, onUrisReady listeners=2, failure listeners=4
2024-06-10 09:36:16,035 INFO com.marklogic.client.datamovement.impl.QueryBatcherImpl$QueryThreadPoolExecutor [Thread-1] Job complete, jobBatchNumber=595, jobResultsSoFar=59431
2024-06-10 09:36:16,036 INFO com.marklogic.hub.step.impl.QueryStepRunner [Thread-1] Finished processing of items for step '1' in flow 'TaxEntity'
2024-06-10 09:36:16,755 INFO com.marklogic.hub.step.impl.QueryStepRunner [pool-1-thread-1] Collecting items for step '2' in flow 'TaxEntity'
2024-06-10 09:36:16,861 INFO com.marklogic.hub.step.impl.QueryStepRunner [pool-1-thread-1] Count of items collected: 59431; will be processed in 595 batches based on batchSize of 100
2024-06-10 09:36:16,865 INFO com.marklogic.client.datamovement.impl.QueryBatcherImpl [pool-1-thread-1] (withForestConfig) Using forests on [localhost] hosts for "ms-provider-STAGING"
2024-06-10 09:36:16,866 INFO com.marklogic.hub.step.impl.QueryStepRunner [pool-1-thread-1] Starting processing of items for step '2' in flow 'TaxEntity'
2024-06-10 09:36:16,866 INFO com.marklogic.client.datamovement.impl.QueryBatcherImpl [pool-1-thread-1] Starting job forest length=3, docBatchSize=100, docToUriBatchRatio=1, threadCount=4, onUrisReady listeners=2, failure listeners=4
2024-06-10 09:37:19,916 INFO com.marklogic.client.datamovement.impl.QueryBatcherImpl$QueryThreadPoolExecutor [Thread-2] Job complete, jobBatchNumber=595, jobResultsSoFar=59431
2024-06-10 09:37:19,917 INFO com.marklogic.hub.step.impl.QueryStepRunner [Thread-2] Finished processing of items for step '2' in flow 'TaxEntity'
2024-06-10 09:37:20,233 INFO com.marklogic.hub.step.impl.QueryStepRunner [pool-1-thread-1] Collecting items for step '3' in flow 'TaxEntity'
2024-06-10 09:37:20,253 INFO com.marklogic.hub.step.impl.QueryStepRunner [pool-1-thread-1] Count of items collected: 316; will be processed in 316 batches based on batchSize of 1
2024-06-10 09:37:20,258 INFO com.marklogic.client.datamovement.impl.QueryBatcherImpl [pool-1-thread-1] (withForestConfig) Using forests on [localhost] hosts for "ms-provider-STAGING"
2024-06-10 09:37:20,259 INFO com.marklogic.hub.step.impl.QueryStepRunner [pool-1-thread-1] Starting processing of items for step '3' in flow 'TaxEntity'
2024-06-10 09:37:20,259 INFO com.marklogic.client.datamovement.impl.QueryBatcherImpl [pool-1-thread-1] Starting job forest length=3, docBatchSize=1, docToUriBatchRatio=1, threadCount=4, onUrisReady listeners=2, failure listeners=4
2024-06-10 09:37:22,584 INFO com.marklogic.client.datamovement.impl.QueryBatcherImpl$QueryThreadPoolExecutor [Thread-3] Job complete, jobBatchNumber=316, jobResultsSoFar=316
2024-06-10 09:37:22,584 INFO com.marklogic.hub.step.impl.QueryStepRunner [Thread-3] Finished processing of items for step '3' in flow 'TaxEntity'
2024-06-10 09:57:46,829 ERROR org.apache.juli.logging.DirectJDKLog [http-nio-8080-exec-8] Servlet.service() for servlet [dispatcherServlet] threw exception
java.lang.IllegalStateException: Cannot create a session after the response has been committed
	at org.apache.catalina.connector.Request.doGetSession(Request.java:3060)
	at org.apache.catalina.connector.Request.getSession(Request.java:2492)
	at org.apache.catalina.connector.RequestFacade.getSession(RequestFacade.java:908)
	at javax.servlet.http.HttpServletRequestWrapper.getSession(HttpServletRequestWrapper.java:244)
	at org.apache.catalina.core.ApplicationHttpRequest.getSession(ApplicationHttpRequest.java:585)
	at org.apache.catalina.core.ApplicationHttpRequest.getSession(ApplicationHttpRequest.java:529)
	at com.marklogic.hub.central.auth.SessionMonitorInterceptor.preHandle(SessionMonitorInterceptor.java:31)
	at org.springframework.web.servlet.HandlerExecutionChain.applyPreHandle(HandlerExecutionChain.java:148)
	at org.springframework.web.servlet.DispatcherServlet.doDispatch(DispatcherServlet.java:1065)
	at org.springframework.web.servlet.DispatcherServlet.doService(DispatcherServlet.java:963)
	at org.springframework.web.servlet.FrameworkServlet.processRequest(FrameworkServlet.java:1006)
	at org.springframework.web.servlet.FrameworkServlet.doPost(FrameworkServlet.java:909)
	at javax.servlet.http.HttpServlet.service(HttpServlet.java:681)
	at org.springframework.web.servlet.FrameworkServlet.service(FrameworkServlet.java:883)
	at javax.servlet.http.HttpServlet.service(HttpServlet.java:764)
	at org.apache.catalina.core.ApplicationFilterChain.internalDoFilter(ApplicationFilterChain.java:227)
	at org.apache.catalina.core.ApplicationFilterChain.doFilter(ApplicationFilterChain.java:162)
	at org.springframework.web.filter.OncePerRequestFilter.doFilter(OncePerRequestFilter.java:102)
	at org.apache.catalina.core.ApplicationFilterChain.internalDoFilter(ApplicationFilterChain.java:189)
	at org.apache.catalina.core.ApplicationFilterChain.doFilter(ApplicationFilterChain.java:162)
	at org.springframework.web.filter.RequestContextFilter.doFilterInternal(RequestContextFilter.java:100)
	at org.springframework.web.filter.OncePerRequestFilter.doFilter(OncePerRequestFilter.java:117)
	at org.apache.catalina.core.ApplicationFilterChain.internalDoFilter(ApplicationFilterChain.java:189)
	at org.apache.catalina.core.ApplicationFilterChain.doFilter(ApplicationFilterChain.java:162)
	at org.springframework.web.filter.OncePerRequestFilter.doFilter(OncePerRequestFilter.java:102)
	at org.apache.catalina.core.ApplicationFilterChain.internalDoFilter(ApplicationFilterChain.java:189)
	at org.apache.catalina.core.ApplicationFilterChain.doFilter(ApplicationFilterChain.java:162)
	at org.springframework.web.filter.OncePerRequestFilter.doFilter(OncePerRequestFilter.java:102)
	at org.apache.catalina.core.ApplicationFilterChain.internalDoFilter(ApplicationFilterChain.java:189)
	at org.apache.catalina.core.ApplicationFilterChain.doFilter(ApplicationFilterChain.java:162)
	at org.apache.catalina.core.ApplicationDispatcher.invoke(ApplicationDispatcher.java:711)
	at org.apache.catalina.core.ApplicationDispatcher.doInclude(ApplicationDispatcher.java:578)
	at org.apache.catalina.core.ApplicationDispatcher.include(ApplicationDispatcher.java:517)
	at org.apache.catalina.core.StandardHostValve.custom(StandardHostValve.java:384)
	at org.apache.catalina.core.StandardHostValve.throwable(StandardHostValve.java:327)
	at org.apache.catalina.core.AsyncContextImpl.setErrorState(AsyncContextImpl.java:439)
	at org.apache.catalina.connector.CoyoteAdapter.asyncDispatch(CoyoteAdapter.java:167)
	at org.apache.coyote.AbstractProcessor.dispatch(AbstractProcessor.java:241)
	at org.apache.coyote.AbstractProcessorLight.process(AbstractProcessorLight.java:59)
	at org.apache.coyote.AbstractProtocol$ConnectionHandler.process(AbstractProtocol.java:890)
	at org.apache.tomcat.util.net.NioEndpoint$SocketProcessor.doRun(NioEndpoint.java:1789)
	at org.apache.tomcat.util.net.SocketProcessorBase.run(SocketProcessorBase.java:49)
	at org.apache.tomcat.util.threads.ThreadPoolExecutor.runWorker(ThreadPoolExecutor.java:1191)
	at org.apache.tomcat.util.threads.ThreadPoolExecutor$Worker.run(ThreadPoolExecutor.java:659)
	at org.apache.tomcat.util.threads.TaskThread$WrappingRunnable.run(TaskThread.java:61)
	at java.base/java.lang.Thread.run(Thread.java:829)
2024-06-10 09:57:46,831 ERROR org.apache.juli.logging.DirectJDKLog [http-nio-8080-exec-8] Exception Processing ErrorPage[exceptionType=java.lang.Throwable, location=/error]
org.springframework.web.util.NestedServletException: Request processing failed; nested exception is java.lang.IllegalStateException: Cannot create a session after the response has been committed
	at org.springframework.web.servlet.FrameworkServlet.processRequest(FrameworkServlet.java:1014)
	at org.springframework.web.servlet.FrameworkServlet.doPost(FrameworkServlet.java:909)
	at javax.servlet.http.HttpServlet.service(HttpServlet.java:681)
	at org.springframework.web.servlet.FrameworkServlet.service(FrameworkServlet.java:883)
	at javax.servlet.http.HttpServlet.service(HttpServlet.java:764)
	at org.apache.catalina.core.ApplicationFilterChain.internalDoFilter(ApplicationFilterChain.java:227)
	at org.apache.catalina.core.ApplicationFilterChain.doFilter(ApplicationFilterChain.java:162)
	at org.springframework.web.filter.OncePerRequestFilter.doFilter(OncePerRequestFilter.java:102)
	at org.apache.catalina.core.ApplicationFilterChain.internalDoFilter(ApplicationFilterChain.java:189)
	at org.apache.catalina.core.ApplicationFilterChain.doFilter(ApplicationFilterChain.java:162)
	at org.springframework.web.filter.RequestContextFilter.doFilterInternal(RequestContextFilter.java:100)
	at org.springframework.web.filter.OncePerRequestFilter.doFilter(OncePerRequestFilter.java:117)
	at org.apache.catalina.core.ApplicationFilterChain.internalDoFilter(ApplicationFilterChain.java:189)
	at org.apache.catalina.core.ApplicationFilterChain.doFilter(ApplicationFilterChain.java:162)
	at org.springframework.web.filter.OncePerRequestFilter.doFilter(OncePerRequestFilter.java:102)
	at org.apache.catalina.core.ApplicationFilterChain.internalDoFilter(ApplicationFilterChain.java:189)
	at org.apache.catalina.core.ApplicationFilterChain.doFilter(ApplicationFilterChain.java:162)
	at org.springframework.web.filter.OncePerRequestFilter.doFilter(OncePerRequestFilter.java:102)
	at org.apache.catalina.core.ApplicationFilterChain.internalDoFilter(ApplicationFilterChain.java:189)
	at org.apache.catalina.core.ApplicationFilterChain.doFilter(ApplicationFilterChain.java:162)
	at org.apache.catalina.core.ApplicationDispatcher.invoke(ApplicationDispatcher.java:711)
	at org.apache.catalina.core.ApplicationDispatcher.doInclude(ApplicationDispatcher.java:578)
	at org.apache.catalina.core.ApplicationDispatcher.include(ApplicationDispatcher.java:517)
	at org.apache.catalina.core.StandardHostValve.custom(StandardHostValve.java:384)
	at org.apache.catalina.core.StandardHostValve.throwable(StandardHostValve.java:327)
	at org.apache.catalina.core.AsyncContextImpl.setErrorState(AsyncContextImpl.java:439)
	at org.apache.catalina.connector.CoyoteAdapter.asyncDispatch(CoyoteAdapter.java:167)
	at org.apache.coyote.AbstractProcessor.dispatch(AbstractProcessor.java:241)
	at org.apache.coyote.AbstractProcessorLight.process(AbstractProcessorLight.java:59)
	at org.apache.coyote.AbstractProtocol$ConnectionHandler.process(AbstractProtocol.java:890)
	at org.apache.tomcat.util.net.NioEndpoint$SocketProcessor.doRun(NioEndpoint.java:1789)
	at org.apache.tomcat.util.net.SocketProcessorBase.run(SocketProcessorBase.java:49)
	at org.apache.tomcat.util.threads.ThreadPoolExecutor.runWorker(ThreadPoolExecutor.java:1191)
	at org.apache.tomcat.util.threads.ThreadPoolExecutor$Worker.run(ThreadPoolExecutor.java:659)
	at org.apache.tomcat.util.threads.TaskThread$WrappingRunnable.run(TaskThread.java:61)
	at java.base/java.lang.Thread.run(Thread.java:829)
Caused by: java.lang.IllegalStateException: Cannot create a session after the response has been committed
	at org.apache.catalina.connector.Request.doGetSession(Request.java:3060)
	at org.apache.catalina.connector.Request.getSession(Request.java:2492)
	at org.apache.catalina.connector.RequestFacade.getSession(RequestFacade.java:908)
	at javax.servlet.http.HttpServletRequestWrapper.getSession(HttpServletRequestWrapper.java:244)
	at org.apache.catalina.core.ApplicationHttpRequest.getSession(ApplicationHttpRequest.java:585)
	at org.apache.catalina.core.ApplicationHttpRequest.getSession(ApplicationHttpRequest.java:529)
	at com.marklogic.hub.central.auth.SessionMonitorInterceptor.preHandle(SessionMonitorInterceptor.java:31)
	at org.springframework.web.servlet.HandlerExecutionChain.applyPreHandle(HandlerExecutionChain.java:148)
	at org.springframework.web.servlet.DispatcherServlet.doDispatch(DispatcherServlet.java:1065)
	at org.springframework.web.servlet.DispatcherServlet.doService(DispatcherServlet.java:963)
	at org.springframework.web.servlet.FrameworkServlet.processRequest(FrameworkServlet.java:1006)
	... 35 common frames omitted
2024-06-10 10:17:41,961 INFO com.marklogic.hub.impl.HubConfigImpl [http-nio-8080-exec-7] Reading the datahub config for hubcentral from the datahubConfig.json file successful
2024-06-10 10:17:41,964 INFO com.marklogic.appdeployer.DefaultAppConfigFactory [http-nio-8080-exec-7] App host: localhost
2024-06-10 10:17:41,967 INFO com.marklogic.appdeployer.DefaultAppConfigFactory [http-nio-8080-exec-7] REST admin username: DrSmith
2024-06-10 10:17:41,971 INFO com.marklogic.appdeployer.DefaultAppConfigFactory [http-nio-8080-exec-7] App Services username: DrSmith
2024-06-10 10:17:41,971 INFO com.marklogic.appdeployer.DefaultAppConfigFactory [http-nio-8080-exec-7] Module permissions: %%mlModulePermissions%%
2024-06-10 10:17:41,973 INFO com.marklogic.mgmt.admin.DefaultAdminConfigFactory [http-nio-8080-exec-7] Admin interface host: localhost
2024-06-10 10:17:41,973 INFO com.marklogic.mgmt.admin.DefaultAdminConfigFactory [http-nio-8080-exec-7] Admin interface username: DrSmith
2024-06-10 10:17:41,973 INFO com.marklogic.mgmt.DefaultManageConfigFactory [http-nio-8080-exec-7] Manage host: localhost
2024-06-10 10:17:41,974 INFO com.marklogic.mgmt.DefaultManageConfigFactory [http-nio-8080-exec-7] Manage username: DrSmith
2024-06-10 10:17:41,977 INFO com.marklogic.mgmt.DefaultManageConfigFactory [http-nio-8080-exec-7] Manage user with security role: DrSmith
2024-06-10 10:17:41,997 INFO com.marklogic.mgmt.ManageClient [http-nio-8080-exec-7] Initializing ManageClient with manage config of: [ManageConfig host: localhost, port: 8002, username: DrSmith, security username: DrSmith]
2024-06-10 10:17:42,011 INFO com.marklogic.mgmt.ManageClient [http-nio-8080-exec-7] Initializing ManageClient with manage config of: [ManageConfig host: localhost, port: 8002, username: DrSmith, security username: DrSmith]
2024-06-10 10:17:54,798 INFO com.marklogic.hub.step.impl.QueryStepRunner [pool-5-thread-1] Collecting items for step '3' in flow 'TaxEntity'
2024-06-10 10:17:55,131 INFO com.marklogic.hub.step.impl.QueryStepRunner [pool-5-thread-1] Count of items collected: 316; will be processed in 316 batches based on batchSize of 1
2024-06-10 10:17:55,913 INFO com.marklogic.client.datamovement.impl.QueryBatcherImpl [pool-5-thread-1] (withForestConfig) Using forests on [localhost] hosts for "ms-provider-STAGING"
2024-06-10 10:17:55,913 INFO com.marklogic.hub.step.impl.QueryStepRunner [pool-5-thread-1] Starting processing of items for step '3' in flow 'TaxEntity'
2024-06-10 10:17:55,913 INFO com.marklogic.client.datamovement.impl.QueryBatcherImpl [pool-5-thread-1] Starting job forest length=3, docBatchSize=1, docToUriBatchRatio=1, threadCount=4, onUrisReady listeners=2, failure listeners=4
2024-06-10 10:17:58,656 INFO com.marklogic.client.datamovement.impl.QueryBatcherImpl$QueryThreadPoolExecutor [Thread-5] Job complete, jobBatchNumber=316, jobResultsSoFar=316
2024-06-10 10:17:58,657 INFO com.marklogic.hub.step.impl.QueryStepRunner [Thread-5] Finished processing of items for step '3' in flow 'TaxEntity'
2024-06-10 10:23:39,391 INFO org.springframework.boot.StartupInfoLogger [main] Starting Application using Java 11.0.16.1 on macpro-6186 with PID 47619 (/Users/ttierney/Documents/GitHub/ml-ms-poc/ms-data-hub-581/marklogic-data-hub-central-5.8.1.war started by ttierney in /Users/ttierney/Documents/GitHub/ml-ms-poc/ms-data-hub-581)
2024-06-10 10:23:39,393 INFO org.springframework.boot.SpringApplication [main] No active profile set, falling back to 1 default profile: "default"
2024-06-10 10:23:40,434 INFO org.apache.juli.logging.DirectJDKLog [main] Initializing ProtocolHandler ["http-nio-8080"]
2024-06-10 10:23:40,434 INFO org.apache.juli.logging.DirectJDKLog [main] Starting service [Tomcat]
2024-06-10 10:23:40,435 INFO org.apache.juli.logging.DirectJDKLog [main] Starting Servlet engine: [Apache Tomcat/9.0.65]
2024-06-10 10:23:41,474 INFO org.apache.juli.logging.DirectJDKLog [main] Initializing Spring embedded WebApplicationContext
2024-06-10 10:23:41,656 INFO com.marklogic.hub.central.HubCentral [main] Will connect to MarkLogic host: localhost
2024-06-10 10:23:41,657 INFO com.marklogic.hub.central.HubCentral [main] Hub Central is available at port: 8080
2024-06-10 10:23:42,248 INFO org.apache.juli.logging.DirectJDKLog [main] Starting ProtocolHandler ["http-nio-8080"]
2024-06-10 10:23:42,632 INFO org.springframework.boot.StartupInfoLogger [main] Started Application in 3.777 seconds (JVM running for 4.187)
2024-06-10 10:24:07,897 INFO org.apache.juli.logging.DirectJDKLog [http-nio-8080-exec-1] Initializing Spring DispatcherServlet 'dispatcherServlet'
2024-06-10 10:24:12,125 INFO com.marklogic.hub.impl.HubConfigImpl [http-nio-8080-exec-7] Reading the datahub config for hubcentral from the datahubConfig.json file successful
2024-06-10 10:24:12,138 INFO com.marklogic.appdeployer.DefaultAppConfigFactory [http-nio-8080-exec-7] App host: localhost
2024-06-10 10:24:12,139 INFO com.marklogic.appdeployer.DefaultAppConfigFactory [http-nio-8080-exec-7] REST admin username: DrSmith
2024-06-10 10:24:12,139 INFO com.marklogic.appdeployer.DefaultAppConfigFactory [http-nio-8080-exec-7] App Services username: DrSmith
2024-06-10 10:24:12,139 INFO com.marklogic.appdeployer.DefaultAppConfigFactory [http-nio-8080-exec-7] Module permissions: %%mlModulePermissions%%
2024-06-10 10:24:12,141 INFO com.marklogic.mgmt.admin.DefaultAdminConfigFactory [http-nio-8080-exec-7] Admin interface host: localhost
2024-06-10 10:24:12,141 INFO com.marklogic.mgmt.admin.DefaultAdminConfigFactory [http-nio-8080-exec-7] Admin interface username: DrSmith
2024-06-10 10:24:12,144 INFO com.marklogic.mgmt.DefaultManageConfigFactory [http-nio-8080-exec-7] Manage host: localhost
2024-06-10 10:24:12,144 INFO com.marklogic.mgmt.DefaultManageConfigFactory [http-nio-8080-exec-7] Manage username: DrSmith
2024-06-10 10:24:12,144 INFO com.marklogic.mgmt.DefaultManageConfigFactory [http-nio-8080-exec-7] Manage user with security role: DrSmith
2024-06-10 10:24:12,208 INFO com.marklogic.mgmt.ManageClient [http-nio-8080-exec-7] Initializing ManageClient with manage config of: [ManageConfig host: localhost, port: 8002, username: DrSmith, security username: DrSmith]
2024-06-10 10:24:12,220 INFO com.marklogic.mgmt.ManageClient [http-nio-8080-exec-7] Initializing ManageClient with manage config of: [ManageConfig host: localhost, port: 8002, username: DrSmith, security username: DrSmith]
2024-06-10 10:24:15,426 INFO com.marklogic.hub.step.impl.QueryStepRunner [pool-1-thread-1] Collecting items for step '3' in flow 'TaxEntity'
2024-06-10 10:24:15,647 INFO com.marklogic.hub.step.impl.QueryStepRunner [pool-1-thread-1] Count of items collected: 316; will be processed in 316 batches based on batchSize of 1
2024-06-10 10:24:16,090 INFO com.marklogic.client.datamovement.impl.QueryBatcherImpl [pool-1-thread-1] (withForestConfig) Using forests on [localhost] hosts for "ms-provider-STAGING"
2024-06-10 10:24:16,097 INFO com.marklogic.hub.step.impl.QueryStepRunner [pool-1-thread-1] Starting processing of items for step '3' in flow 'TaxEntity'
2024-06-10 10:24:16,102 INFO com.marklogic.client.datamovement.impl.QueryBatcherImpl [pool-1-thread-1] Starting job forest length=3, docBatchSize=1, docToUriBatchRatio=1, threadCount=4, onUrisReady listeners=2, failure listeners=4
2024-06-10 10:24:18,569 INFO com.marklogic.client.datamovement.impl.QueryBatcherImpl$QueryThreadPoolExecutor [Thread-1] Job complete, jobBatchNumber=316, jobResultsSoFar=316
2024-06-10 10:24:18,569 INFO com.marklogic.hub.step.impl.QueryStepRunner [Thread-1] Finished processing of items for step '3' in flow 'TaxEntity'
2024-06-10 10:24:46,952 INFO com.marklogic.hub.step.impl.QueryStepRunner [pool-3-thread-1] Collecting items for step '3' in flow 'TaxEntity'
2024-06-10 10:24:46,979 INFO com.marklogic.hub.step.impl.QueryStepRunner [pool-3-thread-1] Count of items collected: 316; will be processed in 316 batches based on batchSize of 1
2024-06-10 10:24:46,983 INFO com.marklogic.client.datamovement.impl.QueryBatcherImpl [pool-3-thread-1] (withForestConfig) Using forests on [localhost] hosts for "ms-provider-STAGING"
2024-06-10 10:24:46,984 INFO com.marklogic.hub.step.impl.QueryStepRunner [pool-3-thread-1] Starting processing of items for step '3' in flow 'TaxEntity'
2024-06-10 10:24:46,984 INFO com.marklogic.client.datamovement.impl.QueryBatcherImpl [pool-3-thread-1] Starting job forest length=3, docBatchSize=1, docToUriBatchRatio=1, threadCount=4, onUrisReady listeners=2, failure listeners=4
2024-06-10 10:24:49,219 INFO com.marklogic.client.datamovement.impl.QueryBatcherImpl$QueryThreadPoolExecutor [Thread-2] Job complete, jobBatchNumber=316, jobResultsSoFar=316
2024-06-10 10:24:49,219 INFO com.marklogic.hub.step.impl.QueryStepRunner [Thread-2] Finished processing of items for step '3' in flow 'TaxEntity'
2024-06-10 10:56:08,978 ERROR org.apache.juli.logging.DirectJDKLog [http-nio-8080-exec-2] Servlet.service() for servlet [dispatcherServlet] threw exception
java.lang.IllegalStateException: Cannot create a session after the response has been committed
	at org.apache.catalina.connector.Request.doGetSession(Request.java:3060)
	at org.apache.catalina.connector.Request.getSession(Request.java:2492)
	at org.apache.catalina.connector.RequestFacade.getSession(RequestFacade.java:908)
	at javax.servlet.http.HttpServletRequestWrapper.getSession(HttpServletRequestWrapper.java:244)
	at org.apache.catalina.core.ApplicationHttpRequest.getSession(ApplicationHttpRequest.java:585)
	at org.apache.catalina.core.ApplicationHttpRequest.getSession(ApplicationHttpRequest.java:529)
	at com.marklogic.hub.central.auth.SessionMonitorInterceptor.preHandle(SessionMonitorInterceptor.java:31)
	at org.springframework.web.servlet.HandlerExecutionChain.applyPreHandle(HandlerExecutionChain.java:148)
	at org.springframework.web.servlet.DispatcherServlet.doDispatch(DispatcherServlet.java:1065)
	at org.springframework.web.servlet.DispatcherServlet.doService(DispatcherServlet.java:963)
	at org.springframework.web.servlet.FrameworkServlet.processRequest(FrameworkServlet.java:1006)
	at org.springframework.web.servlet.FrameworkServlet.doPost(FrameworkServlet.java:909)
	at javax.servlet.http.HttpServlet.service(HttpServlet.java:681)
	at org.springframework.web.servlet.FrameworkServlet.service(FrameworkServlet.java:883)
	at javax.servlet.http.HttpServlet.service(HttpServlet.java:764)
	at org.apache.catalina.core.ApplicationFilterChain.internalDoFilter(ApplicationFilterChain.java:227)
	at org.apache.catalina.core.ApplicationFilterChain.doFilter(ApplicationFilterChain.java:162)
	at org.springframework.web.filter.OncePerRequestFilter.doFilter(OncePerRequestFilter.java:102)
	at org.apache.catalina.core.ApplicationFilterChain.internalDoFilter(ApplicationFilterChain.java:189)
	at org.apache.catalina.core.ApplicationFilterChain.doFilter(ApplicationFilterChain.java:162)
	at org.springframework.web.filter.RequestContextFilter.doFilterInternal(RequestContextFilter.java:100)
	at org.springframework.web.filter.OncePerRequestFilter.doFilter(OncePerRequestFilter.java:117)
	at org.apache.catalina.core.ApplicationFilterChain.internalDoFilter(ApplicationFilterChain.java:189)
	at org.apache.catalina.core.ApplicationFilterChain.doFilter(ApplicationFilterChain.java:162)
	at org.springframework.web.filter.OncePerRequestFilter.doFilter(OncePerRequestFilter.java:102)
	at org.apache.catalina.core.ApplicationFilterChain.internalDoFilter(ApplicationFilterChain.java:189)
	at org.apache.catalina.core.ApplicationFilterChain.doFilter(ApplicationFilterChain.java:162)
	at org.springframework.web.filter.OncePerRequestFilter.doFilter(OncePerRequestFilter.java:102)
	at org.apache.catalina.core.ApplicationFilterChain.internalDoFilter(ApplicationFilterChain.java:189)
	at org.apache.catalina.core.ApplicationFilterChain.doFilter(ApplicationFilterChain.java:162)
	at org.apache.catalina.core.ApplicationDispatcher.invoke(ApplicationDispatcher.java:711)
	at org.apache.catalina.core.ApplicationDispatcher.doInclude(ApplicationDispatcher.java:578)
	at org.apache.catalina.core.ApplicationDispatcher.include(ApplicationDispatcher.java:517)
	at org.apache.catalina.core.StandardHostValve.custom(StandardHostValve.java:384)
	at org.apache.catalina.core.StandardHostValve.throwable(StandardHostValve.java:327)
	at org.apache.catalina.core.AsyncContextImpl.setErrorState(AsyncContextImpl.java:439)
	at org.apache.catalina.connector.CoyoteAdapter.asyncDispatch(CoyoteAdapter.java:167)
	at org.apache.coyote.AbstractProcessor.dispatch(AbstractProcessor.java:241)
	at org.apache.coyote.AbstractProcessorLight.process(AbstractProcessorLight.java:59)
	at org.apache.coyote.AbstractProtocol$ConnectionHandler.process(AbstractProtocol.java:890)
	at org.apache.tomcat.util.net.NioEndpoint$SocketProcessor.doRun(NioEndpoint.java:1789)
	at org.apache.tomcat.util.net.SocketProcessorBase.run(SocketProcessorBase.java:49)
	at org.apache.tomcat.util.threads.ThreadPoolExecutor.runWorker(ThreadPoolExecutor.java:1191)
	at org.apache.tomcat.util.threads.ThreadPoolExecutor$Worker.run(ThreadPoolExecutor.java:659)
	at org.apache.tomcat.util.threads.TaskThread$WrappingRunnable.run(TaskThread.java:61)
	at java.base/java.lang.Thread.run(Thread.java:829)
2024-06-10 10:56:08,980 ERROR org.apache.juli.logging.DirectJDKLog [http-nio-8080-exec-2] Exception Processing ErrorPage[exceptionType=java.lang.Throwable, location=/error]
org.springframework.web.util.NestedServletException: Request processing failed; nested exception is java.lang.IllegalStateException: Cannot create a session after the response has been committed
	at org.springframework.web.servlet.FrameworkServlet.processRequest(FrameworkServlet.java:1014)
	at org.springframework.web.servlet.FrameworkServlet.doPost(FrameworkServlet.java:909)
	at javax.servlet.http.HttpServlet.service(HttpServlet.java:681)
	at org.springframework.web.servlet.FrameworkServlet.service(FrameworkServlet.java:883)
	at javax.servlet.http.HttpServlet.service(HttpServlet.java:764)
	at org.apache.catalina.core.ApplicationFilterChain.internalDoFilter(ApplicationFilterChain.java:227)
	at org.apache.catalina.core.ApplicationFilterChain.doFilter(ApplicationFilterChain.java:162)
	at org.springframework.web.filter.OncePerRequestFilter.doFilter(OncePerRequestFilter.java:102)
	at org.apache.catalina.core.ApplicationFilterChain.internalDoFilter(ApplicationFilterChain.java:189)
	at org.apache.catalina.core.ApplicationFilterChain.doFilter(ApplicationFilterChain.java:162)
	at org.springframework.web.filter.RequestContextFilter.doFilterInternal(RequestContextFilter.java:100)
	at org.springframework.web.filter.OncePerRequestFilter.doFilter(OncePerRequestFilter.java:117)
	at org.apache.catalina.core.ApplicationFilterChain.internalDoFilter(ApplicationFilterChain.java:189)
	at org.apache.catalina.core.ApplicationFilterChain.doFilter(ApplicationFilterChain.java:162)
	at org.springframework.web.filter.OncePerRequestFilter.doFilter(OncePerRequestFilter.java:102)
	at org.apache.catalina.core.ApplicationFilterChain.internalDoFilter(ApplicationFilterChain.java:189)
	at org.apache.catalina.core.ApplicationFilterChain.doFilter(ApplicationFilterChain.java:162)
	at org.springframework.web.filter.OncePerRequestFilter.doFilter(OncePerRequestFilter.java:102)
	at org.apache.catalina.core.ApplicationFilterChain.internalDoFilter(ApplicationFilterChain.java:189)
	at org.apache.catalina.core.ApplicationFilterChain.doFilter(ApplicationFilterChain.java:162)
	at org.apache.catalina.core.ApplicationDispatcher.invoke(ApplicationDispatcher.java:711)
	at org.apache.catalina.core.ApplicationDispatcher.doInclude(ApplicationDispatcher.java:578)
	at org.apache.catalina.core.ApplicationDispatcher.include(ApplicationDispatcher.java:517)
	at org.apache.catalina.core.StandardHostValve.custom(StandardHostValve.java:384)
	at org.apache.catalina.core.StandardHostValve.throwable(StandardHostValve.java:327)
	at org.apache.catalina.core.AsyncContextImpl.setErrorState(AsyncContextImpl.java:439)
	at org.apache.catalina.connector.CoyoteAdapter.asyncDispatch(CoyoteAdapter.java:167)
	at org.apache.coyote.AbstractProcessor.dispatch(AbstractProcessor.java:241)
	at org.apache.coyote.AbstractProcessorLight.process(AbstractProcessorLight.java:59)
	at org.apache.coyote.AbstractProtocol$ConnectionHandler.process(AbstractProtocol.java:890)
	at org.apache.tomcat.util.net.NioEndpoint$SocketProcessor.doRun(NioEndpoint.java:1789)
	at org.apache.tomcat.util.net.SocketProcessorBase.run(SocketProcessorBase.java:49)
	at org.apache.tomcat.util.threads.ThreadPoolExecutor.runWorker(ThreadPoolExecutor.java:1191)
	at org.apache.tomcat.util.threads.ThreadPoolExecutor$Worker.run(ThreadPoolExecutor.java:659)
	at org.apache.tomcat.util.threads.TaskThread$WrappingRunnable.run(TaskThread.java:61)
	at java.base/java.lang.Thread.run(Thread.java:829)
Caused by: java.lang.IllegalStateException: Cannot create a session after the response has been committed
	at org.apache.catalina.connector.Request.doGetSession(Request.java:3060)
	at org.apache.catalina.connector.Request.getSession(Request.java:2492)
	at org.apache.catalina.connector.RequestFacade.getSession(RequestFacade.java:908)
	at javax.servlet.http.HttpServletRequestWrapper.getSession(HttpServletRequestWrapper.java:244)
	at org.apache.catalina.core.ApplicationHttpRequest.getSession(ApplicationHttpRequest.java:585)
	at org.apache.catalina.core.ApplicationHttpRequest.getSession(ApplicationHttpRequest.java:529)
	at com.marklogic.hub.central.auth.SessionMonitorInterceptor.preHandle(SessionMonitorInterceptor.java:31)
	at org.springframework.web.servlet.HandlerExecutionChain.applyPreHandle(HandlerExecutionChain.java:148)
	at org.springframework.web.servlet.DispatcherServlet.doDispatch(DispatcherServlet.java:1065)
	at org.springframework.web.servlet.DispatcherServlet.doService(DispatcherServlet.java:963)
	at org.springframework.web.servlet.FrameworkServlet.processRequest(FrameworkServlet.java:1006)
	... 35 common frames omitted
