2024-05-31 11:06:48,364 INFO com.marklogic.hub.impl.HubConfigImpl [http-nio-8080-exec-5] Reading the datahub config for hubcentral from the datahubConfig.json file successful
2024-05-31 11:06:48,376 INFO com.marklogic.appdeployer.DefaultAppConfigFactory [http-nio-8080-exec-5] App host: localhost
2024-05-31 11:06:48,377 INFO com.marklogic.appdeployer.DefaultAppConfigFactory [http-nio-8080-exec-5] REST admin username: DrSmith
2024-05-31 11:06:48,377 INFO com.marklogic.appdeployer.DefaultAppConfigFactory [http-nio-8080-exec-5] App Services username: DrSmith
2024-05-31 11:06:48,377 INFO com.marklogic.appdeployer.DefaultAppConfigFactory [http-nio-8080-exec-5] Module permissions: %%mlModulePermissions%%
2024-05-31 11:06:48,378 INFO com.marklogic.mgmt.admin.DefaultAdminConfigFactory [http-nio-8080-exec-5] Admin interface host: localhost
2024-05-31 11:06:48,378 INFO com.marklogic.mgmt.admin.DefaultAdminConfigFactory [http-nio-8080-exec-5] Admin interface username: DrSmith
2024-05-31 11:06:48,379 INFO com.marklogic.mgmt.DefaultManageConfigFactory [http-nio-8080-exec-5] Manage host: localhost
2024-05-31 11:06:48,380 INFO com.marklogic.mgmt.DefaultManageConfigFactory [http-nio-8080-exec-5] Manage username: DrSmith
2024-05-31 11:06:48,380 INFO com.marklogic.mgmt.DefaultManageConfigFactory [http-nio-8080-exec-5] Manage user with security role: DrSmith
2024-05-31 11:06:48,413 INFO com.marklogic.mgmt.ManageClient [http-nio-8080-exec-5] Initializing ManageClient with manage config of: [ManageConfig host: localhost, port: 8002, username: DrSmith, security username: DrSmith]
2024-05-31 11:06:48,437 INFO com.marklogic.mgmt.ManageClient [http-nio-8080-exec-5] Initializing ManageClient with manage config of: [ManageConfig host: localhost, port: 8002, username: DrSmith, security username: DrSmith]
2024-05-31 11:06:54,891 INFO com.marklogic.hub.step.impl.QueryStepRunner [pool-1-thread-1] Collecting items for step '4' in flow 'ProviderReport'
2024-05-31 11:06:55,309 INFO com.marklogic.hub.step.impl.QueryStepRunner [pool-1-thread-1] No items found to process
2024-05-31 11:20:49,285 INFO org.springframework.boot.StartupInfoLogger [main] Starting Application using Java 11.0.16.1 on macpro-6186 with PID 14367 (/Users/ttierney/Documents/GitHub/ml-ms-poc/ms-data-hub-581/marklogic-data-hub-central-5.8.1.war started by ttierney in /Users/ttierney/Documents/GitHub/ml-ms-poc/ms-data-hub-581)
2024-05-31 11:20:49,287 INFO org.springframework.boot.SpringApplication [main] No active profile set, falling back to 1 default profile: "default"
2024-05-31 11:20:50,320 INFO org.apache.juli.logging.DirectJDKLog [main] Initializing ProtocolHandler ["http-nio-8080"]
2024-05-31 11:20:50,321 INFO org.apache.juli.logging.DirectJDKLog [main] Starting service [Tomcat]
2024-05-31 11:20:50,321 INFO org.apache.juli.logging.DirectJDKLog [main] Starting Servlet engine: [Apache Tomcat/9.0.65]
2024-05-31 11:20:51,438 INFO org.apache.juli.logging.DirectJDKLog [main] Initializing Spring embedded WebApplicationContext
2024-05-31 11:20:51,618 INFO com.marklogic.hub.central.HubCentral [main] Will connect to MarkLogic host: localhost
2024-05-31 11:20:51,619 INFO com.marklogic.hub.central.HubCentral [main] Hub Central is available at port: 8080
2024-05-31 11:20:52,204 INFO org.apache.juli.logging.DirectJDKLog [main] Starting ProtocolHandler ["http-nio-8080"]
2024-05-31 11:20:52,569 INFO org.springframework.boot.StartupInfoLogger [main] Started Application in 5.025 seconds (JVM running for 5.363)
2024-05-31 11:23:50,873 INFO org.apache.juli.logging.DirectJDKLog [http-nio-8080-exec-1] Initializing Spring DispatcherServlet 'dispatcherServlet'
2024-05-31 11:23:54,934 INFO com.marklogic.hub.impl.HubConfigImpl [http-nio-8080-exec-8] Could not find the datahubConfig.json file. Logging the cause for the failure
2024-05-31 11:23:54,934 INFO com.marklogic.hub.impl.HubConfigImpl [http-nio-8080-exec-8] java.net.ConnectException: Failed to connect to localhost/127.0.0.1:8010
2024-05-31 11:23:54,948 INFO com.marklogic.appdeployer.DefaultAppConfigFactory [http-nio-8080-exec-8] App host: localhost
2024-05-31 11:23:54,948 INFO com.marklogic.appdeployer.DefaultAppConfigFactory [http-nio-8080-exec-8] REST admin username: DrSmith
2024-05-31 11:23:54,948 INFO com.marklogic.appdeployer.DefaultAppConfigFactory [http-nio-8080-exec-8] App Services username: DrSmith
2024-05-31 11:23:54,951 INFO com.marklogic.mgmt.admin.DefaultAdminConfigFactory [http-nio-8080-exec-8] Admin interface host: localhost
2024-05-31 11:23:54,951 INFO com.marklogic.mgmt.admin.DefaultAdminConfigFactory [http-nio-8080-exec-8] Admin interface username: DrSmith
2024-05-31 11:23:54,953 INFO com.marklogic.mgmt.DefaultManageConfigFactory [http-nio-8080-exec-8] Manage host: localhost
2024-05-31 11:23:54,953 INFO com.marklogic.mgmt.DefaultManageConfigFactory [http-nio-8080-exec-8] Manage username: DrSmith
2024-05-31 11:23:54,954 INFO com.marklogic.mgmt.DefaultManageConfigFactory [http-nio-8080-exec-8] Manage user with security role: DrSmith
2024-05-31 11:23:55,017 INFO com.marklogic.mgmt.ManageClient [http-nio-8080-exec-8] Initializing ManageClient with manage config of: [ManageConfig host: localhost, port: 8002, username: DrSmith, security username: DrSmith]
2024-05-31 11:23:55,030 INFO com.marklogic.mgmt.ManageClient [http-nio-8080-exec-8] Initializing ManageClient with manage config of: [ManageConfig host: localhost, port: 8002, username: DrSmith, security username: DrSmith]
2024-05-31 11:23:55,039 ERROR org.apache.juli.logging.DirectJDKLog [http-nio-8080-exec-8] Servlet.service() for servlet [dispatcherServlet] in context with path [] threw exception
com.marklogic.client.MarkLogicIOException: java.net.ConnectException: Failed to connect to localhost/127.0.0.1:8010
	at com.marklogic.client.impl.OkHttpServices.sendRequestOnce(OkHttpServices.java:704)
	at com.marklogic.client.impl.OkHttpServices.sendRequestOnce(OkHttpServices.java:697)
	at com.marklogic.client.impl.OkHttpServices.access$300(OkHttpServices.java:117)
	at com.marklogic.client.impl.OkHttpServices$CallRequestImpl.lambda$executeRequest$1(OkHttpServices.java:5729)
	at com.marklogic.client.impl.OkHttpServices.sendRequestWithRetry(OkHttpServices.java:732)
	at com.marklogic.client.impl.OkHttpServices.sendRequestWithRetry(OkHttpServices.java:709)
	at com.marklogic.client.impl.OkHttpServices.access$4000(OkHttpServices.java:117)
	at com.marklogic.client.impl.OkHttpServices$CallRequestImpl.executeRequest(OkHttpServices.java:5734)
	at com.marklogic.client.impl.OkHttpServices$CallRequestImpl.withDocumentResponse(OkHttpServices.java:5658)
	at com.marklogic.client.impl.BaseProxy$DBFunctionRequest.responseSingle(BaseProxy.java:906)
	at com.marklogic.hub.dataservices.HubCentralService$1HubCentralServiceImpl.getAuthorities(HubCentralService.java:68)
	at com.marklogic.hub.dataservices.HubCentralService$1HubCentralServiceImpl.getAuthorities(HubCentralService.java:62)
	at com.marklogic.hub.central.auth.AuthenticationFilter.authenticateUser(AuthenticationFilter.java:94)
	at com.marklogic.hub.central.auth.AuthenticationFilter.attemptAuthentication(AuthenticationFilter.java:64)
	at org.springframework.security.web.authentication.AbstractAuthenticationProcessingFilter.doFilter(AbstractAuthenticationProcessingFilter.java:227)
	at org.springframework.security.web.authentication.AbstractAuthenticationProcessingFilter.doFilter(AbstractAuthenticationProcessingFilter.java:217)
	at org.springframework.security.web.FilterChainProxy$VirtualFilterChain.doFilter(FilterChainProxy.java:346)
	at org.springframework.security.web.authentication.logout.LogoutFilter.doFilter(LogoutFilter.java:103)
	at org.springframework.security.web.authentication.logout.LogoutFilter.doFilter(LogoutFilter.java:89)
	at org.springframework.security.web.FilterChainProxy$VirtualFilterChain.doFilter(FilterChainProxy.java:346)
	at org.springframework.security.web.header.HeaderWriterFilter.doHeadersAfter(HeaderWriterFilter.java:90)
	at org.springframework.security.web.header.HeaderWriterFilter.doFilterInternal(HeaderWriterFilter.java:75)
	at org.springframework.web.filter.OncePerRequestFilter.doFilter(OncePerRequestFilter.java:117)
	at org.springframework.security.web.FilterChainProxy$VirtualFilterChain.doFilter(FilterChainProxy.java:346)
	at org.springframework.security.web.context.SecurityContextPersistenceFilter.doFilter(SecurityContextPersistenceFilter.java:112)
	at org.springframework.security.web.context.SecurityContextPersistenceFilter.doFilter(SecurityContextPersistenceFilter.java:82)
	at org.springframework.security.web.FilterChainProxy$VirtualFilterChain.doFilter(FilterChainProxy.java:346)
	at org.springframework.security.web.context.request.async.WebAsyncManagerIntegrationFilter.doFilterInternal(WebAsyncManagerIntegrationFilter.java:55)
	at org.springframework.web.filter.OncePerRequestFilter.doFilter(OncePerRequestFilter.java:117)
	at org.springframework.security.web.FilterChainProxy$VirtualFilterChain.doFilter(FilterChainProxy.java:346)
	at org.springframework.security.web.session.DisableEncodeUrlFilter.doFilterInternal(DisableEncodeUrlFilter.java:42)
	at org.springframework.web.filter.OncePerRequestFilter.doFilter(OncePerRequestFilter.java:117)
	at org.springframework.security.web.FilterChainProxy$VirtualFilterChain.doFilter(FilterChainProxy.java:346)
	at org.springframework.security.web.FilterChainProxy.doFilterInternal(FilterChainProxy.java:221)
	at org.springframework.security.web.FilterChainProxy.doFilter(FilterChainProxy.java:186)
	at org.springframework.web.filter.DelegatingFilterProxy.invokeDelegate(DelegatingFilterProxy.java:354)
	at org.springframework.web.filter.DelegatingFilterProxy.doFilter(DelegatingFilterProxy.java:267)
	at org.apache.catalina.core.ApplicationFilterChain.internalDoFilter(ApplicationFilterChain.java:189)
	at org.apache.catalina.core.ApplicationFilterChain.doFilter(ApplicationFilterChain.java:162)
	at org.springframework.web.filter.RequestContextFilter.doFilterInternal(RequestContextFilter.java:100)
	at org.springframework.web.filter.OncePerRequestFilter.doFilter(OncePerRequestFilter.java:117)
	at org.apache.catalina.core.ApplicationFilterChain.internalDoFilter(ApplicationFilterChain.java:189)
	at org.apache.catalina.core.ApplicationFilterChain.doFilter(ApplicationFilterChain.java:162)
	at org.springframework.web.filter.FormContentFilter.doFilterInternal(FormContentFilter.java:93)
	at org.springframework.web.filter.OncePerRequestFilter.doFilter(OncePerRequestFilter.java:117)
	at org.apache.catalina.core.ApplicationFilterChain.internalDoFilter(ApplicationFilterChain.java:189)
	at org.apache.catalina.core.ApplicationFilterChain.doFilter(ApplicationFilterChain.java:162)
	at org.springframework.boot.actuate.metrics.web.servlet.WebMvcMetricsFilter.doFilterInternal(WebMvcMetricsFilter.java:96)
	at org.springframework.web.filter.OncePerRequestFilter.doFilter(OncePerRequestFilter.java:117)
	at org.apache.catalina.core.ApplicationFilterChain.internalDoFilter(ApplicationFilterChain.java:189)
	at org.apache.catalina.core.ApplicationFilterChain.doFilter(ApplicationFilterChain.java:162)
	at org.springframework.web.filter.CharacterEncodingFilter.doFilterInternal(CharacterEncodingFilter.java:201)
	at org.springframework.web.filter.OncePerRequestFilter.doFilter(OncePerRequestFilter.java:117)
	at org.apache.catalina.core.ApplicationFilterChain.internalDoFilter(ApplicationFilterChain.java:189)
	at org.apache.catalina.core.ApplicationFilterChain.doFilter(ApplicationFilterChain.java:162)
	at org.apache.catalina.core.StandardWrapperValve.invoke(StandardWrapperValve.java:197)
	at org.apache.catalina.core.StandardContextValve.invoke(StandardContextValve.java:97)
	at org.apache.catalina.authenticator.AuthenticatorBase.invoke(AuthenticatorBase.java:541)
	at org.apache.catalina.core.StandardHostValve.invoke(StandardHostValve.java:135)
	at org.apache.catalina.valves.ErrorReportValve.invoke(ErrorReportValve.java:92)
	at org.apache.catalina.core.StandardEngineValve.invoke(StandardEngineValve.java:78)
	at org.apache.catalina.connector.CoyoteAdapter.service(CoyoteAdapter.java:360)
	at org.apache.coyote.http11.Http11Processor.service(Http11Processor.java:399)
	at org.apache.coyote.AbstractProcessorLight.process(AbstractProcessorLight.java:65)
	at org.apache.coyote.AbstractProtocol$ConnectionHandler.process(AbstractProtocol.java:890)
	at org.apache.tomcat.util.net.NioEndpoint$SocketProcessor.doRun(NioEndpoint.java:1789)
	at org.apache.tomcat.util.net.SocketProcessorBase.run(SocketProcessorBase.java:49)
	at org.apache.tomcat.util.threads.ThreadPoolExecutor.runWorker(ThreadPoolExecutor.java:1191)
	at org.apache.tomcat.util.threads.ThreadPoolExecutor$Worker.run(ThreadPoolExecutor.java:659)
	at org.apache.tomcat.util.threads.TaskThread$WrappingRunnable.run(TaskThread.java:61)
	at java.base/java.lang.Thread.run(Thread.java:829)
Caused by: java.net.ConnectException: Failed to connect to localhost/127.0.0.1:8010
	at okhttp3.internal.connection.RealConnection.connectSocket(RealConnection.kt:285)
	at okhttp3.internal.connection.RealConnection.connect(RealConnection.kt:195)
	at okhttp3.internal.connection.ExchangeFinder.findConnection(ExchangeFinder.kt:249)
	at okhttp3.internal.connection.ExchangeFinder.findHealthyConnection(ExchangeFinder.kt:108)
	at okhttp3.internal.connection.ExchangeFinder.find(ExchangeFinder.kt:76)
	at okhttp3.internal.connection.RealCall.initExchange$okhttp(RealCall.kt:245)
	at okhttp3.internal.connection.ConnectInterceptor.intercept(ConnectInterceptor.kt:32)
	at okhttp3.internal.http.RealInterceptorChain.proceed(RealInterceptorChain.kt:100)
	at okhttp3.internal.cache.CacheInterceptor.intercept(CacheInterceptor.kt:96)
	at okhttp3.internal.http.RealInterceptorChain.proceed(RealInterceptorChain.kt:100)
	at okhttp3.internal.http.BridgeInterceptor.intercept(BridgeInterceptor.kt:83)
	at okhttp3.internal.http.RealInterceptorChain.proceed(RealInterceptorChain.kt:100)
	at okhttp3.internal.http.RetryAndFollowUpInterceptor.intercept(RetryAndFollowUpInterceptor.kt:76)
	at okhttp3.internal.http.RealInterceptorChain.proceed(RealInterceptorChain.kt:100)
	at com.burgstaller.okhttp.AuthenticationCacheInterceptor.intercept(AuthenticationCacheInterceptor.java:49)
	at okhttp3.internal.http.RealInterceptorChain.proceed(RealInterceptorChain.kt:100)
	at okhttp3.internal.connection.RealCall.getResponseWithInterceptorChain$okhttp(RealCall.kt:197)
	at okhttp3.internal.connection.RealCall.execute(RealCall.kt:148)
	at com.marklogic.client.impl.OkHttpServices.sendRequestOnce(OkHttpServices.java:702)
	... 70 common frames omitted
Caused by: java.net.ConnectException: Connection refused (Connection refused)
	at java.base/java.net.PlainSocketImpl.socketConnect(Native Method)
	at java.base/java.net.AbstractPlainSocketImpl.doConnect(AbstractPlainSocketImpl.java:412)
	at java.base/java.net.AbstractPlainSocketImpl.connectToAddress(AbstractPlainSocketImpl.java:255)
	at java.base/java.net.AbstractPlainSocketImpl.connect(AbstractPlainSocketImpl.java:237)
	at java.base/java.net.SocksSocketImpl.connect(SocksSocketImpl.java:392)
	at java.base/java.net.Socket.connect(Socket.java:609)
	at okhttp3.internal.platform.Platform.connectSocket(Platform.kt:120)
	at okhttp3.internal.connection.RealConnection.connectSocket(RealConnection.kt:283)
	... 88 common frames omitted
2024-05-31 11:38:02,088 INFO org.springframework.boot.StartupInfoLogger [main] Starting Application using Java 11.0.16.1 on macpro-6186 with PID 4034 (/Users/ttierney/Documents/GitHub/ml-ms-poc/ms-data-hub-581/marklogic-data-hub-central-5.8.1.war started by ttierney in /Users/ttierney/Documents/GitHub/ml-ms-poc/ms-data-hub-581)
2024-05-31 11:38:02,090 INFO org.springframework.boot.SpringApplication [main] No active profile set, falling back to 1 default profile: "default"
2024-05-31 11:38:03,175 INFO org.apache.juli.logging.DirectJDKLog [main] Initializing ProtocolHandler ["http-nio-8080"]
2024-05-31 11:38:03,175 INFO org.apache.juli.logging.DirectJDKLog [main] Starting service [Tomcat]
2024-05-31 11:38:03,176 INFO org.apache.juli.logging.DirectJDKLog [main] Starting Servlet engine: [Apache Tomcat/9.0.65]
2024-05-31 11:38:04,345 INFO org.apache.juli.logging.DirectJDKLog [main] Initializing Spring embedded WebApplicationContext
2024-05-31 11:38:04,548 INFO com.marklogic.hub.central.HubCentral [main] Will connect to MarkLogic host: localhost
2024-05-31 11:38:04,548 INFO com.marklogic.hub.central.HubCentral [main] Hub Central is available at port: 8080
2024-05-31 11:38:05,194 INFO org.apache.juli.logging.DirectJDKLog [main] Starting ProtocolHandler ["http-nio-8080"]
2024-05-31 11:38:05,614 INFO org.springframework.boot.StartupInfoLogger [main] Started Application in 3.911 seconds (JVM running for 4.268)
2024-05-31 11:38:12,270 INFO org.apache.juli.logging.DirectJDKLog [http-nio-8080-exec-1] Initializing Spring DispatcherServlet 'dispatcherServlet'
2024-05-31 11:38:16,034 INFO com.marklogic.hub.impl.HubConfigImpl [http-nio-8080-exec-3] Reading the datahub config for hubcentral from the datahubConfig.json file successful
2024-05-31 11:38:16,047 INFO com.marklogic.appdeployer.DefaultAppConfigFactory [http-nio-8080-exec-3] App host: localhost
2024-05-31 11:38:16,047 INFO com.marklogic.appdeployer.DefaultAppConfigFactory [http-nio-8080-exec-3] REST admin username: DrSmith
2024-05-31 11:38:16,047 INFO com.marklogic.appdeployer.DefaultAppConfigFactory [http-nio-8080-exec-3] App Services username: DrSmith
2024-05-31 11:38:16,048 INFO com.marklogic.appdeployer.DefaultAppConfigFactory [http-nio-8080-exec-3] Module permissions: %%mlModulePermissions%%
2024-05-31 11:38:16,050 INFO com.marklogic.mgmt.admin.DefaultAdminConfigFactory [http-nio-8080-exec-3] Admin interface host: localhost
2024-05-31 11:38:16,050 INFO com.marklogic.mgmt.admin.DefaultAdminConfigFactory [http-nio-8080-exec-3] Admin interface username: DrSmith
2024-05-31 11:38:16,052 INFO com.marklogic.mgmt.DefaultManageConfigFactory [http-nio-8080-exec-3] Manage host: localhost
2024-05-31 11:38:16,053 INFO com.marklogic.mgmt.DefaultManageConfigFactory [http-nio-8080-exec-3] Manage username: DrSmith
2024-05-31 11:38:16,053 INFO com.marklogic.mgmt.DefaultManageConfigFactory [http-nio-8080-exec-3] Manage user with security role: DrSmith
2024-05-31 11:38:16,118 INFO com.marklogic.mgmt.ManageClient [http-nio-8080-exec-3] Initializing ManageClient with manage config of: [ManageConfig host: localhost, port: 8002, username: DrSmith, security username: DrSmith]
2024-05-31 11:38:16,130 INFO com.marklogic.mgmt.ManageClient [http-nio-8080-exec-3] Initializing ManageClient with manage config of: [ManageConfig host: localhost, port: 8002, username: DrSmith, security username: DrSmith]
2024-05-31 11:38:48,462 INFO com.marklogic.hub.central.controllers.FlowController [http-nio-8080-exec-5] Uploading files to /var/folders/v1/38lpnmpd28b_ff0gzm4xd4tdc4d2ft/T/ingestion-10958136355418123843 in the server. If 'inputFilePath'  is specified in the ingestion step, this path overrides it.
2024-05-31 11:38:48,536 INFO com.marklogic.hub.central.controllers.FlowController [http-nio-8080-exec-5] Files successfully uploaded
2024-05-31 11:38:49,040 INFO com.marklogic.hub.step.impl.FileCollector [pool-1-thread-1] Finding files in directory: /var/folders/v1/38lpnmpd28b_ff0gzm4xd4tdc4d2ft/T/ingestion-10958136355418123843
2024-05-31 11:38:49,508 INFO com.marklogic.client.datamovement.impl.WriteBatcherImpl [pool-1-thread-1] (withForestConfig) Using forests on [localhost] hosts for "ms-provider-STAGING"
2024-05-31 11:38:49,509 INFO com.marklogic.client.datamovement.impl.WriteBatcherImpl [pool-1-thread-1] Adding DatabaseClient on port 8010 for host "localhost" to the rotation
2024-05-31 11:38:49,514 INFO com.marklogic.client.datamovement.impl.WriteBatcherImpl [pool-1-thread-1] threadCount=4
2024-05-31 11:38:49,515 INFO com.marklogic.client.datamovement.impl.WriteBatcherImpl [pool-1-thread-1] batchSize=100
2024-05-31 11:40:10,954 INFO com.marklogic.client.datamovement.impl.WriteBatcherImpl [Thread-1] flushing 31 queued docs
2024-05-31 11:40:12,726 INFO com.marklogic.hub.step.impl.QueryStepRunner [pool-1-thread-1] Collecting items for step '2' in flow 'ProviderReport'
2024-05-31 11:40:12,911 INFO com.marklogic.hub.step.impl.QueryStepRunner [pool-1-thread-1] Count of items collected: 59431; will be processed in 595 batches based on batchSize of 100
2024-05-31 11:40:12,915 INFO com.marklogic.client.datamovement.impl.QueryBatcherImpl [pool-1-thread-1] (withForestConfig) Using forests on [localhost] hosts for "ms-provider-STAGING"
2024-05-31 11:40:12,916 INFO com.marklogic.hub.step.impl.QueryStepRunner [pool-1-thread-1] Starting processing of items for step '2' in flow 'ProviderReport'
2024-05-31 11:40:12,916 INFO com.marklogic.client.datamovement.impl.QueryBatcherImpl [pool-1-thread-1] Starting job forest length=3, docBatchSize=100, docToUriBatchRatio=1, threadCount=4, onUrisReady listeners=2, failure listeners=4
2024-05-31 11:42:03,904 INFO com.marklogic.client.datamovement.impl.QueryBatcherImpl$QueryThreadPoolExecutor [Thread-2] Job complete, jobBatchNumber=595, jobResultsSoFar=59431
2024-05-31 11:42:03,905 INFO com.marklogic.hub.step.impl.QueryStepRunner [Thread-2] Finished processing of items for step '2' in flow 'ProviderReport'
2024-05-31 11:42:04,269 INFO com.marklogic.hub.step.impl.QueryStepRunner [pool-1-thread-1] Collecting items for step '3' in flow 'ProviderReport'
2024-05-31 11:42:04,444 INFO com.marklogic.hub.step.impl.QueryStepRunner [pool-1-thread-1] Count of items collected: 59431; will be processed in 59431 batches based on batchSize of 1
2024-05-31 11:42:04,448 INFO com.marklogic.client.datamovement.impl.QueryBatcherImpl [pool-1-thread-1] (withForestConfig) Using forests on [localhost] hosts for "ms-provider-STAGING"
2024-05-31 11:42:04,448 INFO com.marklogic.hub.step.impl.QueryStepRunner [pool-1-thread-1] Starting processing of items for step '3' in flow 'ProviderReport'
2024-05-31 11:42:04,448 INFO com.marklogic.client.datamovement.impl.QueryBatcherImpl [pool-1-thread-1] Starting job forest length=3, docBatchSize=1, docToUriBatchRatio=1, threadCount=4, onUrisReady listeners=2, failure listeners=4
2024-05-31 11:48:36,095 INFO com.marklogic.client.datamovement.impl.QueryBatcherImpl$QueryThreadPoolExecutor [Thread-3] Job complete, jobBatchNumber=59431, jobResultsSoFar=59431
2024-05-31 11:48:36,097 INFO com.marklogic.hub.step.impl.QueryStepRunner [Thread-3] Finished processing of items for step '3' in flow 'ProviderReport'
2024-05-31 11:48:36,355 INFO com.marklogic.hub.step.impl.QueryStepRunner [pool-1-thread-1] Collecting items for step '4' in flow 'ProviderReport'
2024-05-31 11:48:36,378 INFO com.marklogic.hub.step.impl.QueryStepRunner [pool-1-thread-1] Count of items collected: 3648; will be processed in 3648 batches based on batchSize of 1
2024-05-31 11:48:36,768 INFO com.marklogic.client.datamovement.impl.QueryBatcherImpl [pool-1-thread-1] (withForestConfig) Using forests on [localhost] hosts for "ms-provider-STAGING"
2024-05-31 11:48:36,769 INFO com.marklogic.hub.step.impl.QueryStepRunner [pool-1-thread-1] Starting processing of items for step '4' in flow 'ProviderReport'
2024-05-31 11:48:36,769 INFO com.marklogic.client.datamovement.impl.QueryBatcherImpl [pool-1-thread-1] Starting job forest length=3, docBatchSize=1, docToUriBatchRatio=1, threadCount=1, onUrisReady listeners=2, failure listeners=4
2024-05-31 12:05:03,797 INFO com.marklogic.client.datamovement.impl.QueryBatcherImpl$QueryThreadPoolExecutor [Thread-4] Job complete, jobBatchNumber=3648, jobResultsSoFar=3648
2024-05-31 12:05:03,798 INFO com.marklogic.hub.step.impl.QueryStepRunner [Thread-4] Finished processing of items for step '4' in flow 'ProviderReport'
2024-05-31 14:00:27,329 ERROR org.apache.juli.logging.DirectJDKLog [http-nio-8080-exec-1] Servlet.service() for servlet [dispatcherServlet] threw exception
java.lang.IllegalStateException: Cannot create a session after the response has been committed
	at org.apache.catalina.connector.Request.doGetSession(Request.java:3060)
	at org.apache.catalina.connector.Request.getSession(Request.java:2492)
	at org.apache.catalina.connector.RequestFacade.getSession(RequestFacade.java:908)
	at javax.servlet.http.HttpServletRequestWrapper.getSession(HttpServletRequestWrapper.java:244)
	at org.apache.catalina.core.ApplicationHttpRequest.getSession(ApplicationHttpRequest.java:585)
	at org.apache.catalina.core.ApplicationHttpRequest.getSession(ApplicationHttpRequest.java:529)
	at com.marklogic.hub.central.auth.SessionMonitorInterceptor.preHandle(SessionMonitorInterceptor.java:31)
	at org.springframework.web.servlet.HandlerExecutionChain.applyPreHandle(HandlerExecutionChain.java:148)
	at org.springframework.web.servlet.DispatcherServlet.doDispatch(DispatcherServlet.java:1065)
	at org.springframework.web.servlet.DispatcherServlet.doService(DispatcherServlet.java:963)
	at org.springframework.web.servlet.FrameworkServlet.processRequest(FrameworkServlet.java:1006)
	at org.springframework.web.servlet.FrameworkServlet.doPost(FrameworkServlet.java:909)
	at javax.servlet.http.HttpServlet.service(HttpServlet.java:681)
	at org.springframework.web.servlet.FrameworkServlet.service(FrameworkServlet.java:883)
	at javax.servlet.http.HttpServlet.service(HttpServlet.java:764)
	at org.apache.catalina.core.ApplicationFilterChain.internalDoFilter(ApplicationFilterChain.java:227)
	at org.apache.catalina.core.ApplicationFilterChain.doFilter(ApplicationFilterChain.java:162)
	at org.springframework.web.filter.OncePerRequestFilter.doFilter(OncePerRequestFilter.java:102)
	at org.apache.catalina.core.ApplicationFilterChain.internalDoFilter(ApplicationFilterChain.java:189)
	at org.apache.catalina.core.ApplicationFilterChain.doFilter(ApplicationFilterChain.java:162)
	at org.springframework.web.filter.RequestContextFilter.doFilterInternal(RequestContextFilter.java:100)
	at org.springframework.web.filter.OncePerRequestFilter.doFilter(OncePerRequestFilter.java:117)
	at org.apache.catalina.core.ApplicationFilterChain.internalDoFilter(ApplicationFilterChain.java:189)
	at org.apache.catalina.core.ApplicationFilterChain.doFilter(ApplicationFilterChain.java:162)
	at org.springframework.web.filter.OncePerRequestFilter.doFilter(OncePerRequestFilter.java:102)
	at org.apache.catalina.core.ApplicationFilterChain.internalDoFilter(ApplicationFilterChain.java:189)
	at org.apache.catalina.core.ApplicationFilterChain.doFilter(ApplicationFilterChain.java:162)
	at org.springframework.web.filter.OncePerRequestFilter.doFilter(OncePerRequestFilter.java:102)
	at org.apache.catalina.core.ApplicationFilterChain.internalDoFilter(ApplicationFilterChain.java:189)
	at org.apache.catalina.core.ApplicationFilterChain.doFilter(ApplicationFilterChain.java:162)
	at org.apache.catalina.core.ApplicationDispatcher.invoke(ApplicationDispatcher.java:711)
	at org.apache.catalina.core.ApplicationDispatcher.doInclude(ApplicationDispatcher.java:578)
	at org.apache.catalina.core.ApplicationDispatcher.include(ApplicationDispatcher.java:517)
	at org.apache.catalina.core.StandardHostValve.custom(StandardHostValve.java:384)
	at org.apache.catalina.core.StandardHostValve.throwable(StandardHostValve.java:327)
	at org.apache.catalina.core.AsyncContextImpl.setErrorState(AsyncContextImpl.java:439)
	at org.apache.catalina.connector.CoyoteAdapter.asyncDispatch(CoyoteAdapter.java:167)
	at org.apache.coyote.AbstractProcessor.dispatch(AbstractProcessor.java:241)
	at org.apache.coyote.AbstractProcessorLight.process(AbstractProcessorLight.java:59)
	at org.apache.coyote.AbstractProtocol$ConnectionHandler.process(AbstractProtocol.java:890)
	at org.apache.tomcat.util.net.NioEndpoint$SocketProcessor.doRun(NioEndpoint.java:1789)
	at org.apache.tomcat.util.net.SocketProcessorBase.run(SocketProcessorBase.java:49)
	at org.apache.tomcat.util.threads.ThreadPoolExecutor.runWorker(ThreadPoolExecutor.java:1191)
	at org.apache.tomcat.util.threads.ThreadPoolExecutor$Worker.run(ThreadPoolExecutor.java:659)
	at org.apache.tomcat.util.threads.TaskThread$WrappingRunnable.run(TaskThread.java:61)
	at java.base/java.lang.Thread.run(Thread.java:829)
2024-05-31 14:00:27,330 ERROR org.apache.juli.logging.DirectJDKLog [http-nio-8080-exec-1] Exception Processing ErrorPage[exceptionType=java.lang.Throwable, location=/error]
org.springframework.web.util.NestedServletException: Request processing failed; nested exception is java.lang.IllegalStateException: Cannot create a session after the response has been committed
	at org.springframework.web.servlet.FrameworkServlet.processRequest(FrameworkServlet.java:1014)
	at org.springframework.web.servlet.FrameworkServlet.doPost(FrameworkServlet.java:909)
	at javax.servlet.http.HttpServlet.service(HttpServlet.java:681)
	at org.springframework.web.servlet.FrameworkServlet.service(FrameworkServlet.java:883)
	at javax.servlet.http.HttpServlet.service(HttpServlet.java:764)
	at org.apache.catalina.core.ApplicationFilterChain.internalDoFilter(ApplicationFilterChain.java:227)
	at org.apache.catalina.core.ApplicationFilterChain.doFilter(ApplicationFilterChain.java:162)
	at org.springframework.web.filter.OncePerRequestFilter.doFilter(OncePerRequestFilter.java:102)
	at org.apache.catalina.core.ApplicationFilterChain.internalDoFilter(ApplicationFilterChain.java:189)
	at org.apache.catalina.core.ApplicationFilterChain.doFilter(ApplicationFilterChain.java:162)
	at org.springframework.web.filter.RequestContextFilter.doFilterInternal(RequestContextFilter.java:100)
	at org.springframework.web.filter.OncePerRequestFilter.doFilter(OncePerRequestFilter.java:117)
	at org.apache.catalina.core.ApplicationFilterChain.internalDoFilter(ApplicationFilterChain.java:189)
	at org.apache.catalina.core.ApplicationFilterChain.doFilter(ApplicationFilterChain.java:162)
	at org.springframework.web.filter.OncePerRequestFilter.doFilter(OncePerRequestFilter.java:102)
	at org.apache.catalina.core.ApplicationFilterChain.internalDoFilter(ApplicationFilterChain.java:189)
	at org.apache.catalina.core.ApplicationFilterChain.doFilter(ApplicationFilterChain.java:162)
	at org.springframework.web.filter.OncePerRequestFilter.doFilter(OncePerRequestFilter.java:102)
	at org.apache.catalina.core.ApplicationFilterChain.internalDoFilter(ApplicationFilterChain.java:189)
	at org.apache.catalina.core.ApplicationFilterChain.doFilter(ApplicationFilterChain.java:162)
	at org.apache.catalina.core.ApplicationDispatcher.invoke(ApplicationDispatcher.java:711)
	at org.apache.catalina.core.ApplicationDispatcher.doInclude(ApplicationDispatcher.java:578)
	at org.apache.catalina.core.ApplicationDispatcher.include(ApplicationDispatcher.java:517)
	at org.apache.catalina.core.StandardHostValve.custom(StandardHostValve.java:384)
	at org.apache.catalina.core.StandardHostValve.throwable(StandardHostValve.java:327)
	at org.apache.catalina.core.AsyncContextImpl.setErrorState(AsyncContextImpl.java:439)
	at org.apache.catalina.connector.CoyoteAdapter.asyncDispatch(CoyoteAdapter.java:167)
	at org.apache.coyote.AbstractProcessor.dispatch(AbstractProcessor.java:241)
	at org.apache.coyote.AbstractProcessorLight.process(AbstractProcessorLight.java:59)
	at org.apache.coyote.AbstractProtocol$ConnectionHandler.process(AbstractProtocol.java:890)
	at org.apache.tomcat.util.net.NioEndpoint$SocketProcessor.doRun(NioEndpoint.java:1789)
	at org.apache.tomcat.util.net.SocketProcessorBase.run(SocketProcessorBase.java:49)
	at org.apache.tomcat.util.threads.ThreadPoolExecutor.runWorker(ThreadPoolExecutor.java:1191)
	at org.apache.tomcat.util.threads.ThreadPoolExecutor$Worker.run(ThreadPoolExecutor.java:659)
	at org.apache.tomcat.util.threads.TaskThread$WrappingRunnable.run(TaskThread.java:61)
	at java.base/java.lang.Thread.run(Thread.java:829)
Caused by: java.lang.IllegalStateException: Cannot create a session after the response has been committed
	at org.apache.catalina.connector.Request.doGetSession(Request.java:3060)
	at org.apache.catalina.connector.Request.getSession(Request.java:2492)
	at org.apache.catalina.connector.RequestFacade.getSession(RequestFacade.java:908)
	at javax.servlet.http.HttpServletRequestWrapper.getSession(HttpServletRequestWrapper.java:244)
	at org.apache.catalina.core.ApplicationHttpRequest.getSession(ApplicationHttpRequest.java:585)
	at org.apache.catalina.core.ApplicationHttpRequest.getSession(ApplicationHttpRequest.java:529)
	at com.marklogic.hub.central.auth.SessionMonitorInterceptor.preHandle(SessionMonitorInterceptor.java:31)
	at org.springframework.web.servlet.HandlerExecutionChain.applyPreHandle(HandlerExecutionChain.java:148)
	at org.springframework.web.servlet.DispatcherServlet.doDispatch(DispatcherServlet.java:1065)
	at org.springframework.web.servlet.DispatcherServlet.doService(DispatcherServlet.java:963)
	at org.springframework.web.servlet.FrameworkServlet.processRequest(FrameworkServlet.java:1006)
	... 35 common frames omitted
2024-05-31 16:25:21,382 INFO org.springframework.boot.StartupInfoLogger [main] Starting Application using Java 11.0.16.1 on macpro-6186 with PID 35341 (/Users/ttierney/Documents/GitHub/ml-ms-poc/ms-data-hub-581/marklogic-data-hub-central-5.8.1.war started by ttierney in /Users/ttierney/Documents/GitHub/ml-ms-poc/ms-data-hub-581)
2024-05-31 16:25:21,384 INFO org.springframework.boot.SpringApplication [main] No active profile set, falling back to 1 default profile: "default"
2024-05-31 16:25:22,419 INFO org.apache.juli.logging.DirectJDKLog [main] Initializing ProtocolHandler ["http-nio-8080"]
2024-05-31 16:25:22,419 INFO org.apache.juli.logging.DirectJDKLog [main] Starting service [Tomcat]
2024-05-31 16:25:22,419 INFO org.apache.juli.logging.DirectJDKLog [main] Starting Servlet engine: [Apache Tomcat/9.0.65]
2024-05-31 16:25:23,485 INFO org.apache.juli.logging.DirectJDKLog [main] Initializing Spring embedded WebApplicationContext
2024-05-31 16:25:23,671 INFO com.marklogic.hub.central.HubCentral [main] Will connect to MarkLogic host: localhost
2024-05-31 16:25:23,671 INFO com.marklogic.hub.central.HubCentral [main] Hub Central is available at port: 8080
2024-05-31 16:25:24,293 INFO org.apache.juli.logging.DirectJDKLog [main] Starting ProtocolHandler ["http-nio-8080"]
2024-05-31 16:25:24,675 INFO org.springframework.boot.StartupInfoLogger [main] Started Application in 3.68 seconds (JVM running for 4.116)
