2024-08-06 12:08:12,231 INFO com.marklogic.hub.impl.HubConfigImpl [http-nio-8080-exec-9] Reading the datahub config for hubcentral from the datahubConfig.json file successful
2024-08-06 12:08:12,245 INFO com.marklogic.appdeployer.DefaultAppConfigFactory [http-nio-8080-exec-9] App host: localhost
2024-08-06 12:08:12,246 INFO com.marklogic.appdeployer.DefaultAppConfigFactory [http-nio-8080-exec-9] REST admin username: DrSmith
2024-08-06 12:08:12,246 INFO com.marklogic.appdeployer.DefaultAppConfigFactory [http-nio-8080-exec-9] App Services username: DrSmith
2024-08-06 12:08:12,247 INFO com.marklogic.appdeployer.DefaultAppConfigFactory [http-nio-8080-exec-9] Module permissions: %%mlModulePermissions%%
2024-08-06 12:08:12,248 INFO com.marklogic.mgmt.admin.DefaultAdminConfigFactory [http-nio-8080-exec-9] Admin interface host: localhost
2024-08-06 12:08:12,249 INFO com.marklogic.mgmt.admin.DefaultAdminConfigFactory [http-nio-8080-exec-9] Admin interface username: DrSmith
2024-08-06 12:08:12,250 INFO com.marklogic.mgmt.DefaultManageConfigFactory [http-nio-8080-exec-9] Manage host: localhost
2024-08-06 12:08:12,250 INFO com.marklogic.mgmt.DefaultManageConfigFactory [http-nio-8080-exec-9] Manage username: DrSmith
2024-08-06 12:08:12,250 INFO com.marklogic.mgmt.DefaultManageConfigFactory [http-nio-8080-exec-9] Manage user with security role: DrSmith
2024-08-06 12:08:12,292 INFO com.marklogic.mgmt.ManageClient [http-nio-8080-exec-9] Initializing ManageClient with manage config of: [ManageConfig host: localhost, port: 8002, username: DrSmith, security username: DrSmith]
2024-08-06 12:08:12,324 INFO com.marklogic.mgmt.ManageClient [http-nio-8080-exec-9] Initializing ManageClient with manage config of: [ManageConfig host: localhost, port: 8002, username: DrSmith, security username: DrSmith]
2024-08-06 12:11:50,080 INFO com.marklogic.hub.central.controllers.FlowController [http-nio-8080-exec-6] Uploading files to /var/folders/v1/38lpnmpd28b_ff0gzm4xd4tdc4d2ft/T/ingestion-16171847323711808258 in the server. If 'inputFilePath'  is specified in the ingestion step, this path overrides it.
2024-08-06 12:11:50,086 INFO com.marklogic.hub.central.controllers.FlowController [http-nio-8080-exec-6] Files successfully uploaded
2024-08-06 12:11:50,793 INFO com.marklogic.hub.step.impl.FileCollector [pool-69-thread-1] Finding files in directory: /var/folders/v1/38lpnmpd28b_ff0gzm4xd4tdc4d2ft/T/ingestion-16171847323711808258
2024-08-06 12:11:51,818 INFO com.marklogic.client.datamovement.impl.WriteBatcherImpl [pool-69-thread-1] (withForestConfig) Using forests on [localhost] hosts for "navy-STAGING"
2024-08-06 12:11:51,819 INFO com.marklogic.client.datamovement.impl.WriteBatcherImpl [pool-69-thread-1] Adding DatabaseClient on port 8010 for host "localhost" to the rotation
2024-08-06 12:11:51,821 INFO com.marklogic.client.datamovement.impl.WriteBatcherImpl [pool-69-thread-1] threadCount=4
2024-08-06 12:11:51,821 INFO com.marklogic.client.datamovement.impl.WriteBatcherImpl [pool-69-thread-1] batchSize=100
2024-08-06 12:11:51,828 INFO com.marklogic.client.datamovement.impl.WriteBatcherImpl [Thread-72] flushing 50 queued docs
2024-08-06 12:12:14,979 INFO com.marklogic.hub.central.controllers.ModelController [http-nio-8080-exec-3] Deploying search options
2024-08-06 12:12:33,151 INFO com.marklogic.hub.central.controllers.ModelController [http-nio-8080-exec-4] Generating model-based resource configurations
2024-08-06 12:12:33,164 INFO com.marklogic.hub.central.controllers.ModelController [http-nio-8080-exec-4] Deploying search options
2024-08-06 12:12:33,803 INFO com.marklogic.hub.central.controllers.ModelController [http-nio-8080-exec-4] Deploying protected paths
2024-08-06 12:12:33,803 INFO com.marklogic.hub.central.controllers.ModelController [http-nio-8080-exec-4] Deploying query rolesets
2024-08-06 12:12:33,804 INFO com.marklogic.hub.central.controllers.ModelController [http-nio-8080-exec-4] Deploying database indexes
2024-08-06 12:12:33,805 INFO com.marklogic.mgmt.ManageClient [http-nio-8080-exec-4] Sending JSON GET request as user 'DrSmith' to path: /manage/v2/databases/navy-STAGING/properties
2024-08-06 12:12:35,134 INFO com.marklogic.mgmt.ManageClient [http-nio-8080-exec-4] Sending JSON PUT request as user 'DrSmith' to path: /manage/v2/databases/navy-STAGING/properties
2024-08-06 12:12:35,759 INFO com.marklogic.mgmt.ManageClient [http-nio-8080-exec-4] Sending JSON GET request as user 'DrSmith' to path: /manage/v2/databases/navy-FINAL/properties
2024-08-06 12:12:35,839 INFO com.marklogic.mgmt.ManageClient [http-nio-8080-exec-4] Sending JSON PUT request as user 'DrSmith' to path: /manage/v2/databases/navy-FINAL/properties
2024-08-06 12:12:36,309 INFO com.marklogic.hub.central.controllers.ModelController [http-nio-8080-exec-4] Finished generating and deploying model-based resource configurations, time: 3158
2024-08-06 12:14:26,965 INFO com.marklogic.hub.central.controllers.ModelController [http-nio-8080-exec-1] Generating model-based resource configurations
2024-08-06 12:14:26,992 INFO com.marklogic.hub.central.controllers.ModelController [http-nio-8080-exec-1] Deploying search options
2024-08-06 12:14:28,706 INFO com.marklogic.hub.central.controllers.ModelController [http-nio-8080-exec-1] Deploying protected paths
2024-08-06 12:14:28,707 INFO com.marklogic.hub.central.controllers.ModelController [http-nio-8080-exec-1] Deploying query rolesets
2024-08-06 12:14:28,707 INFO com.marklogic.hub.central.controllers.ModelController [http-nio-8080-exec-1] Deploying database indexes
2024-08-06 12:14:28,707 INFO com.marklogic.mgmt.ManageClient [http-nio-8080-exec-1] Sending JSON GET request as user 'DrSmith' to path: /manage/v2/databases/navy-STAGING/properties
2024-08-06 12:14:29,198 INFO com.marklogic.mgmt.ManageClient [http-nio-8080-exec-1] Sending JSON PUT request as user 'DrSmith' to path: /manage/v2/databases/navy-STAGING/properties
2024-08-06 12:14:29,780 INFO com.marklogic.mgmt.ManageClient [http-nio-8080-exec-1] Sending JSON GET request as user 'DrSmith' to path: /manage/v2/databases/navy-FINAL/properties
2024-08-06 12:14:30,772 INFO com.marklogic.mgmt.ManageClient [http-nio-8080-exec-1] Sending JSON PUT request as user 'DrSmith' to path: /manage/v2/databases/navy-FINAL/properties
2024-08-06 12:14:31,298 INFO com.marklogic.hub.central.controllers.ModelController [http-nio-8080-exec-1] Finished generating and deploying model-based resource configurations, time: 4333
2024-08-06 12:34:27,241 INFO com.marklogic.hub.central.controllers.ModelController [http-nio-8080-exec-9] Generating model-based resource configurations
2024-08-06 12:34:27,257 INFO com.marklogic.hub.central.controllers.ModelController [http-nio-8080-exec-9] Deploying search options
2024-08-06 12:34:28,148 INFO com.marklogic.hub.central.controllers.ModelController [http-nio-8080-exec-9] Deploying protected paths
2024-08-06 12:34:28,148 INFO com.marklogic.hub.central.controllers.ModelController [http-nio-8080-exec-9] Deploying query rolesets
2024-08-06 12:34:28,148 INFO com.marklogic.hub.central.controllers.ModelController [http-nio-8080-exec-9] Deploying database indexes
2024-08-06 12:34:28,149 INFO com.marklogic.mgmt.ManageClient [http-nio-8080-exec-9] Sending JSON GET request as user 'DrSmith' to path: /manage/v2/databases/navy-STAGING/properties
2024-08-06 12:34:28,904 INFO com.marklogic.mgmt.ManageClient [http-nio-8080-exec-9] Sending JSON PUT request as user 'DrSmith' to path: /manage/v2/databases/navy-STAGING/properties
2024-08-06 12:34:29,403 INFO com.marklogic.mgmt.ManageClient [http-nio-8080-exec-9] Sending JSON GET request as user 'DrSmith' to path: /manage/v2/databases/navy-FINAL/properties
2024-08-06 12:34:29,494 INFO com.marklogic.mgmt.ManageClient [http-nio-8080-exec-9] Sending JSON PUT request as user 'DrSmith' to path: /manage/v2/databases/navy-FINAL/properties
2024-08-06 12:34:30,012 INFO com.marklogic.hub.central.controllers.ModelController [http-nio-8080-exec-9] Finished generating and deploying model-based resource configurations, time: 2771
2024-08-06 12:36:39,559 INFO com.marklogic.hub.central.controllers.ModelController [http-nio-8080-exec-9] Generating model-based resource configurations
2024-08-06 12:36:39,585 INFO com.marklogic.hub.central.controllers.ModelController [http-nio-8080-exec-9] Deploying search options
2024-08-06 12:36:39,775 INFO com.marklogic.hub.central.controllers.ModelController [http-nio-8080-exec-9] Deploying protected paths
2024-08-06 12:36:39,776 INFO com.marklogic.hub.central.controllers.ModelController [http-nio-8080-exec-9] Deploying query rolesets
2024-08-06 12:36:39,776 INFO com.marklogic.hub.central.controllers.ModelController [http-nio-8080-exec-9] Deploying database indexes
2024-08-06 12:36:39,777 INFO com.marklogic.mgmt.ManageClient [http-nio-8080-exec-9] Sending JSON GET request as user 'DrSmith' to path: /manage/v2/databases/navy-STAGING/properties
2024-08-06 12:36:39,854 INFO com.marklogic.mgmt.ManageClient [http-nio-8080-exec-9] Sending JSON PUT request as user 'DrSmith' to path: /manage/v2/databases/navy-STAGING/properties
2024-08-06 12:36:40,481 INFO com.marklogic.mgmt.ManageClient [http-nio-8080-exec-9] Sending JSON GET request as user 'DrSmith' to path: /manage/v2/databases/navy-FINAL/properties
2024-08-06 12:36:41,709 INFO com.marklogic.mgmt.ManageClient [http-nio-8080-exec-9] Sending JSON PUT request as user 'DrSmith' to path: /manage/v2/databases/navy-FINAL/properties
2024-08-06 12:36:42,247 INFO com.marklogic.hub.central.controllers.ModelController [http-nio-8080-exec-9] Finished generating and deploying model-based resource configurations, time: 2687
2024-08-06 12:37:04,132 INFO com.marklogic.hub.central.controllers.ModelController [http-nio-8080-exec-7] Generating model-based resource configurations
2024-08-06 12:37:04,153 INFO com.marklogic.hub.central.controllers.ModelController [http-nio-8080-exec-7] Deploying search options
2024-08-06 12:37:07,686 INFO com.marklogic.hub.central.controllers.ModelController [http-nio-8080-exec-7] Deploying protected paths
2024-08-06 12:37:07,687 INFO com.marklogic.hub.central.controllers.ModelController [http-nio-8080-exec-7] Deploying query rolesets
2024-08-06 12:37:07,690 INFO com.marklogic.hub.central.controllers.ModelController [http-nio-8080-exec-7] Deploying database indexes
2024-08-06 12:37:07,691 INFO com.marklogic.mgmt.ManageClient [http-nio-8080-exec-7] Sending JSON GET request as user 'DrSmith' to path: /manage/v2/databases/navy-STAGING/properties
2024-08-06 12:37:08,608 INFO com.marklogic.mgmt.ManageClient [http-nio-8080-exec-7] Sending JSON PUT request as user 'DrSmith' to path: /manage/v2/databases/navy-STAGING/properties
2024-08-06 12:37:09,227 INFO com.marklogic.mgmt.ManageClient [http-nio-8080-exec-7] Sending JSON GET request as user 'DrSmith' to path: /manage/v2/databases/navy-FINAL/properties
2024-08-06 12:37:10,164 INFO com.marklogic.mgmt.ManageClient [http-nio-8080-exec-7] Sending JSON PUT request as user 'DrSmith' to path: /manage/v2/databases/navy-FINAL/properties
2024-08-06 12:37:10,668 INFO com.marklogic.hub.central.controllers.ModelController [http-nio-8080-exec-7] Finished generating and deploying model-based resource configurations, time: 6536
2024-08-06 12:38:42,633 INFO com.marklogic.hub.step.impl.QueryStepRunner [pool-71-thread-1] Collecting items for step '2' in flow 'weaponsFlow'
2024-08-06 12:38:42,690 INFO com.marklogic.hub.step.impl.QueryStepRunner [pool-71-thread-1] Count of items collected: 50; will be processed in a single batch based on batchSize of 100
2024-08-06 12:38:43,447 INFO com.marklogic.client.datamovement.impl.QueryBatcherImpl [pool-71-thread-1] (withForestConfig) Using forests on [localhost] hosts for "navy-STAGING"
2024-08-06 12:38:43,449 INFO com.marklogic.hub.step.impl.QueryStepRunner [pool-71-thread-1] Starting processing of items for step '2' in flow 'weaponsFlow'
2024-08-06 12:38:43,449 INFO com.marklogic.client.datamovement.impl.QueryBatcherImpl [pool-71-thread-1] Starting job forest length=3, docBatchSize=100, docToUriBatchRatio=1, threadCount=4, onUrisReady listeners=2, failure listeners=4
2024-08-06 12:38:43,929 INFO com.marklogic.client.datamovement.impl.QueryBatcherImpl$QueryThreadPoolExecutor [Thread-74] Job complete, jobBatchNumber=1, jobResultsSoFar=50
2024-08-06 12:38:43,929 INFO com.marklogic.hub.step.impl.QueryStepRunner [Thread-74] Finished processing of items for step '2' in flow 'weaponsFlow'
2024-08-06 13:20:47,493 INFO com.marklogic.hub.impl.HubConfigImpl [http-nio-8080-exec-7] Reading the datahub config for hubcentral from the datahubConfig.json file successful
2024-08-06 13:20:47,494 INFO com.marklogic.appdeployer.DefaultAppConfigFactory [http-nio-8080-exec-7] App host: localhost
2024-08-06 13:20:47,494 INFO com.marklogic.appdeployer.DefaultAppConfigFactory [http-nio-8080-exec-7] REST admin username: DrSmith
2024-08-06 13:20:47,494 INFO com.marklogic.appdeployer.DefaultAppConfigFactory [http-nio-8080-exec-7] App Services username: DrSmith
2024-08-06 13:20:47,494 INFO com.marklogic.appdeployer.DefaultAppConfigFactory [http-nio-8080-exec-7] Module permissions: %%mlModulePermissions%%
2024-08-06 13:20:47,494 INFO com.marklogic.mgmt.admin.DefaultAdminConfigFactory [http-nio-8080-exec-7] Admin interface host: localhost
2024-08-06 13:20:47,495 INFO com.marklogic.mgmt.admin.DefaultAdminConfigFactory [http-nio-8080-exec-7] Admin interface username: DrSmith
2024-08-06 13:20:47,495 INFO com.marklogic.mgmt.DefaultManageConfigFactory [http-nio-8080-exec-7] Manage host: localhost
2024-08-06 13:20:47,495 INFO com.marklogic.mgmt.DefaultManageConfigFactory [http-nio-8080-exec-7] Manage username: DrSmith
2024-08-06 13:20:47,495 INFO com.marklogic.mgmt.DefaultManageConfigFactory [http-nio-8080-exec-7] Manage user with security role: DrSmith
2024-08-06 13:20:47,511 INFO com.marklogic.mgmt.ManageClient [http-nio-8080-exec-7] Initializing ManageClient with manage config of: [ManageConfig host: localhost, port: 8002, username: DrSmith, security username: DrSmith]
2024-08-06 13:20:47,528 INFO com.marklogic.mgmt.ManageClient [http-nio-8080-exec-7] Initializing ManageClient with manage config of: [ManageConfig host: localhost, port: 8002, username: DrSmith, security username: DrSmith]
2024-08-06 13:37:28,488 INFO com.marklogic.hub.central.controllers.FlowController [http-nio-8080-exec-8] Uploading files to /var/folders/v1/38lpnmpd28b_ff0gzm4xd4tdc4d2ft/T/ingestion-1690360541710840279 in the server. If 'inputFilePath'  is specified in the ingestion step, this path overrides it.
2024-08-06 13:37:28,492 INFO com.marklogic.hub.central.controllers.FlowController [http-nio-8080-exec-8] Files successfully uploaded
2024-08-06 13:37:28,820 INFO com.marklogic.hub.step.impl.FileCollector [pool-73-thread-1] Finding files in directory: /var/folders/v1/38lpnmpd28b_ff0gzm4xd4tdc4d2ft/T/ingestion-1690360541710840279
2024-08-06 13:37:29,330 INFO com.marklogic.client.datamovement.impl.WriteBatcherImpl [pool-73-thread-1] (withForestConfig) Using forests on [localhost] hosts for "navy-STAGING"
2024-08-06 13:37:29,330 INFO com.marklogic.client.datamovement.impl.WriteBatcherImpl [pool-73-thread-1] Adding DatabaseClient on port 8010 for host "localhost" to the rotation
2024-08-06 13:37:29,331 INFO com.marklogic.client.datamovement.impl.WriteBatcherImpl [pool-73-thread-1] threadCount=4
2024-08-06 13:37:29,331 INFO com.marklogic.client.datamovement.impl.WriteBatcherImpl [pool-73-thread-1] batchSize=100
2024-08-06 13:37:29,333 INFO com.marklogic.client.datamovement.impl.WriteBatcherImpl [Thread-78] flushing 50 queued docs
2024-08-06 13:37:30,353 INFO com.marklogic.hub.step.impl.QueryStepRunner [pool-73-thread-1] Collecting items for step '2' in flow 'weaponsFlow'
2024-08-06 13:37:30,371 INFO com.marklogic.hub.step.impl.QueryStepRunner [pool-73-thread-1] Count of items collected: 50; will be processed in a single batch based on batchSize of 100
2024-08-06 13:37:30,376 INFO com.marklogic.client.datamovement.impl.QueryBatcherImpl [pool-73-thread-1] (withForestConfig) Using forests on [localhost] hosts for "navy-STAGING"
2024-08-06 13:37:30,376 INFO com.marklogic.hub.step.impl.QueryStepRunner [pool-73-thread-1] Starting processing of items for step '2' in flow 'weaponsFlow'
2024-08-06 13:37:30,376 INFO com.marklogic.client.datamovement.impl.QueryBatcherImpl [pool-73-thread-1] Starting job forest length=3, docBatchSize=100, docToUriBatchRatio=1, threadCount=4, onUrisReady listeners=2, failure listeners=4
2024-08-06 13:37:31,097 INFO com.marklogic.client.datamovement.impl.QueryBatcherImpl$QueryThreadPoolExecutor [Thread-79] Job complete, jobBatchNumber=1, jobResultsSoFar=50
2024-08-06 13:37:31,097 INFO com.marklogic.hub.step.impl.QueryStepRunner [Thread-79] Finished processing of items for step '2' in flow 'weaponsFlow'
2024-08-06 13:41:49,513 INFO com.marklogic.hub.central.controllers.FlowController [http-nio-8080-exec-7] Uploading files to /var/folders/v1/38lpnmpd28b_ff0gzm4xd4tdc4d2ft/T/ingestion-10523534687814032866 in the server. If 'inputFilePath'  is specified in the ingestion step, this path overrides it.
2024-08-06 13:41:49,529 INFO com.marklogic.hub.central.controllers.FlowController [http-nio-8080-exec-7] Files successfully uploaded
2024-08-06 13:41:49,783 INFO com.marklogic.hub.step.impl.FileCollector [pool-76-thread-1] Finding files in directory: /var/folders/v1/38lpnmpd28b_ff0gzm4xd4tdc4d2ft/T/ingestion-10523534687814032866
2024-08-06 13:41:49,789 INFO com.marklogic.client.datamovement.impl.WriteBatcherImpl [pool-76-thread-1] (withForestConfig) Using forests on [localhost] hosts for "navy-STAGING"
2024-08-06 13:41:49,789 INFO com.marklogic.client.datamovement.impl.WriteBatcherImpl [pool-76-thread-1] Adding DatabaseClient on port 8010 for host "localhost" to the rotation
2024-08-06 13:41:49,789 INFO com.marklogic.client.datamovement.impl.WriteBatcherImpl [pool-76-thread-1] threadCount=4
2024-08-06 13:41:49,789 INFO com.marklogic.client.datamovement.impl.WriteBatcherImpl [pool-76-thread-1] batchSize=100
2024-08-06 13:41:49,796 INFO com.marklogic.client.datamovement.impl.WriteBatcherImpl [Thread-80] flushing 24 queued docs
2024-08-06 13:41:50,293 INFO com.marklogic.hub.step.impl.QueryStepRunner [pool-76-thread-1] Collecting items for step '2' in flow 'weaponPartsFlow'
2024-08-06 13:41:50,321 INFO com.marklogic.hub.step.impl.QueryStepRunner [pool-76-thread-1] Count of items collected: 224; will be processed in 3 batches based on batchSize of 100
2024-08-06 13:41:50,324 INFO com.marklogic.client.datamovement.impl.QueryBatcherImpl [pool-76-thread-1] (withForestConfig) Using forests on [localhost] hosts for "navy-STAGING"
2024-08-06 13:41:50,325 INFO com.marklogic.hub.step.impl.QueryStepRunner [pool-76-thread-1] Starting processing of items for step '2' in flow 'weaponPartsFlow'
2024-08-06 13:41:50,325 INFO com.marklogic.client.datamovement.impl.QueryBatcherImpl [pool-76-thread-1] Starting job forest length=3, docBatchSize=100, docToUriBatchRatio=1, threadCount=4, onUrisReady listeners=2, failure listeners=4
2024-08-06 13:41:50,681 INFO com.marklogic.client.datamovement.impl.QueryBatcherImpl$QueryThreadPoolExecutor [Thread-81] Job complete, jobBatchNumber=3, jobResultsSoFar=224
2024-08-06 13:41:50,682 INFO com.marklogic.hub.step.impl.QueryStepRunner [Thread-81] Finished processing of items for step '2' in flow 'weaponPartsFlow'
2024-08-06 13:49:22,582 INFO com.marklogic.hub.step.impl.QueryStepRunner [pool-79-thread-1] Collecting items for step '2' in flow 'weaponPartsFlow'
2024-08-06 13:49:22,612 INFO com.marklogic.hub.step.impl.QueryStepRunner [pool-79-thread-1] Count of items collected: 224; will be processed in 3 batches based on batchSize of 100
2024-08-06 13:49:23,124 INFO com.marklogic.client.datamovement.impl.QueryBatcherImpl [pool-79-thread-1] (withForestConfig) Using forests on [localhost] hosts for "navy-STAGING"
2024-08-06 13:49:23,125 INFO com.marklogic.hub.step.impl.QueryStepRunner [pool-79-thread-1] Starting processing of items for step '2' in flow 'weaponPartsFlow'
2024-08-06 13:49:23,125 INFO com.marklogic.client.datamovement.impl.QueryBatcherImpl [pool-79-thread-1] Starting job forest length=3, docBatchSize=100, docToUriBatchRatio=1, threadCount=4, onUrisReady listeners=2, failure listeners=4
2024-08-06 13:49:23,821 INFO com.marklogic.client.datamovement.impl.QueryBatcherImpl$QueryThreadPoolExecutor [Thread-82] Job complete, jobBatchNumber=3, jobResultsSoFar=224
2024-08-06 13:49:23,822 INFO com.marklogic.hub.step.impl.QueryStepRunner [Thread-82] Finished processing of items for step '2' in flow 'weaponPartsFlow'
2024-08-06 14:08:25,110 INFO org.springframework.boot.StartupInfoLogger [main] Starting Application using Java 11.0.16.1 on macpro-6186 with PID 50741 (/Users/ttierney/Documents/GitHub/navyDemo/data-hub/marklogic-data-hub-central-5.8.1.war started by ttierney in /Users/ttierney/Documents/GitHub/navyDemo/data-hub)
2024-08-06 14:08:25,113 INFO org.springframework.boot.SpringApplication [main] No active profile set, falling back to 1 default profile: "default"
2024-08-06 14:08:26,175 INFO org.apache.juli.logging.DirectJDKLog [main] Initializing ProtocolHandler ["http-nio-8080"]
2024-08-06 14:08:26,175 INFO org.apache.juli.logging.DirectJDKLog [main] Starting service [Tomcat]
2024-08-06 14:08:26,175 INFO org.apache.juli.logging.DirectJDKLog [main] Starting Servlet engine: [Apache Tomcat/9.0.65]
2024-08-06 14:08:27,239 INFO org.apache.juli.logging.DirectJDKLog [main] Initializing Spring embedded WebApplicationContext
2024-08-06 14:08:27,431 INFO com.marklogic.hub.central.HubCentral [main] Will connect to MarkLogic host: localhost
2024-08-06 14:08:27,432 INFO com.marklogic.hub.central.HubCentral [main] Hub Central is available at port: 8080
2024-08-06 14:08:28,084 INFO org.apache.juli.logging.DirectJDKLog [main] Starting ProtocolHandler ["http-nio-8080"]
2024-08-06 14:08:28,492 INFO org.springframework.boot.StartupInfoLogger [main] Started Application in 3.885 seconds (JVM running for 4.268)
2024-08-06 14:08:28,548 INFO org.apache.juli.logging.DirectJDKLog [http-nio-8080-exec-1] Initializing Spring DispatcherServlet 'dispatcherServlet'
2024-08-06 14:08:32,311 INFO com.marklogic.hub.impl.HubConfigImpl [http-nio-8080-exec-7] Reading the datahub config for hubcentral from the datahubConfig.json file successful
2024-08-06 14:08:32,324 INFO com.marklogic.appdeployer.DefaultAppConfigFactory [http-nio-8080-exec-7] App host: localhost
2024-08-06 14:08:32,324 INFO com.marklogic.appdeployer.DefaultAppConfigFactory [http-nio-8080-exec-7] REST admin username: DrSmith
2024-08-06 14:08:32,324 INFO com.marklogic.appdeployer.DefaultAppConfigFactory [http-nio-8080-exec-7] App Services username: DrSmith
2024-08-06 14:08:32,324 INFO com.marklogic.appdeployer.DefaultAppConfigFactory [http-nio-8080-exec-7] Module permissions: %%mlModulePermissions%%
2024-08-06 14:08:32,327 INFO com.marklogic.mgmt.admin.DefaultAdminConfigFactory [http-nio-8080-exec-7] Admin interface host: localhost
2024-08-06 14:08:32,327 INFO com.marklogic.mgmt.admin.DefaultAdminConfigFactory [http-nio-8080-exec-7] Admin interface username: DrSmith
2024-08-06 14:08:32,329 INFO com.marklogic.mgmt.DefaultManageConfigFactory [http-nio-8080-exec-7] Manage host: localhost
2024-08-06 14:08:32,329 INFO com.marklogic.mgmt.DefaultManageConfigFactory [http-nio-8080-exec-7] Manage username: DrSmith
2024-08-06 14:08:32,329 INFO com.marklogic.mgmt.DefaultManageConfigFactory [http-nio-8080-exec-7] Manage user with security role: DrSmith
2024-08-06 14:08:32,400 INFO com.marklogic.mgmt.ManageClient [http-nio-8080-exec-7] Initializing ManageClient with manage config of: [ManageConfig host: localhost, port: 8002, username: DrSmith, security username: DrSmith]
2024-08-06 14:08:32,412 INFO com.marklogic.mgmt.ManageClient [http-nio-8080-exec-7] Initializing ManageClient with manage config of: [ManageConfig host: localhost, port: 8002, username: DrSmith, security username: DrSmith]
2024-08-06 14:13:38,673 ERROR org.apache.juli.logging.DirectJDKLog [http-nio-8080-exec-9] Servlet.service() for servlet [dispatcherServlet] in context with path [] threw exception [Request processing failed; nested exception is org.springframework.web.socket.sockjs.SockJsException: Uncaught failure in SockJS request, uri=http://localhost:8080/websocket/619/zhkvgkiw/xhr_streaming?t=1722968017417; nested exception is org.springframework.web.socket.sockjs.SockJsTransportFailureException: Failed to open session; nested exception is org.springframework.web.socket.sockjs.SockJsTransportFailureException: Failed to write SockJsFrame content='o'; nested exception is org.apache.catalina.connector.ClientAbortException: java.io.IOException: Broken pipe] with root cause
java.io.IOException: Broken pipe
	at java.base/sun.nio.ch.FileDispatcherImpl.write0(Native Method)
	at java.base/sun.nio.ch.SocketDispatcher.write(SocketDispatcher.java:47)
	at java.base/sun.nio.ch.IOUtil.writeFromNativeBuffer(IOUtil.java:113)
	at java.base/sun.nio.ch.IOUtil.write(IOUtil.java:79)
	at java.base/sun.nio.ch.IOUtil.write(IOUtil.java:50)
	at java.base/sun.nio.ch.SocketChannelImpl.write(SocketChannelImpl.java:462)
	at org.apache.tomcat.util.net.NioChannel.write(NioChannel.java:135)
	at org.apache.tomcat.util.net.NioEndpoint$NioSocketWrapper.doWrite(NioEndpoint.java:1424)
	at org.apache.tomcat.util.net.SocketWrapperBase.doWrite(SocketWrapperBase.java:768)
	at org.apache.tomcat.util.net.SocketWrapperBase.flushBlocking(SocketWrapperBase.java:732)
	at org.apache.tomcat.util.net.SocketWrapperBase.flush(SocketWrapperBase.java:716)
	at org.apache.coyote.http11.Http11OutputBuffer$SocketOutputBuffer.flush(Http11OutputBuffer.java:573)
	at org.apache.coyote.http11.filters.ChunkedOutputFilter.flush(ChunkedOutputFilter.java:157)
	at org.apache.coyote.http11.Http11OutputBuffer.flush(Http11OutputBuffer.java:221)
	at org.apache.coyote.http11.Http11Processor.flush(Http11Processor.java:1255)
	at org.apache.coyote.AbstractProcessor.action(AbstractProcessor.java:402)
	at org.apache.coyote.Response.action(Response.java:209)
	at org.apache.catalina.connector.OutputBuffer.doFlush(OutputBuffer.java:306)
	at org.apache.catalina.connector.OutputBuffer.flush(OutputBuffer.java:273)
	at org.apache.catalina.connector.Response.flushBuffer(Response.java:500)
	at org.apache.catalina.connector.ResponseFacade.flushBuffer(ResponseFacade.java:312)
	at javax.servlet.ServletResponseWrapper.flushBuffer(ServletResponseWrapper.java:181)
	at javax.servlet.ServletResponseWrapper.flushBuffer(ServletResponseWrapper.java:181)
	at javax.servlet.ServletResponseWrapper.flushBuffer(ServletResponseWrapper.java:181)
	at org.springframework.security.web.util.OnCommittedResponseWrapper.flushBuffer(OnCommittedResponseWrapper.java:166)
	at javax.servlet.ServletResponseWrapper.flushBuffer(ServletResponseWrapper.java:181)
	at org.springframework.security.web.util.OnCommittedResponseWrapper.flushBuffer(OnCommittedResponseWrapper.java:166)
	at org.springframework.http.server.ServletServerHttpResponse.flush(ServletServerHttpResponse.java:104)
	at org.springframework.web.socket.sockjs.transport.session.AbstractHttpSockJsSession.writeFrameInternal(AbstractHttpSockJsSession.java:361)
	at org.springframework.web.socket.sockjs.transport.session.AbstractSockJsSession.writeFrame(AbstractSockJsSession.java:326)
	at org.springframework.web.socket.sockjs.transport.session.StreamingSockJsSession.handleRequestInternal(StreamingSockJsSession.java:64)
	at org.springframework.web.socket.sockjs.transport.session.AbstractHttpSockJsSession.handleInitialRequest(AbstractHttpSockJsSession.java:231)
	at org.springframework.web.socket.sockjs.transport.handler.AbstractHttpSendingTransportHandler.handleRequestInternal(AbstractHttpSendingTransportHandler.java:76)
	at org.springframework.web.socket.sockjs.transport.handler.AbstractHttpSendingTransportHandler.handleRequest(AbstractHttpSendingTransportHandler.java:66)
	at org.springframework.web.socket.sockjs.transport.TransportHandlingSockJsService.handleTransportRequest(TransportHandlingSockJsService.java:317)
	at org.springframework.web.socket.sockjs.support.AbstractSockJsService.handleRequest(AbstractSockJsService.java:484)
	at org.springframework.web.socket.sockjs.support.SockJsHttpRequestHandler.handleRequest(SockJsHttpRequestHandler.java:134)
	at org.springframework.web.servlet.mvc.HttpRequestHandlerAdapter.handle(HttpRequestHandlerAdapter.java:52)
	at org.springframework.web.servlet.DispatcherServlet.doDispatch(DispatcherServlet.java:1070)
	at org.springframework.web.servlet.DispatcherServlet.doService(DispatcherServlet.java:963)
	at org.springframework.web.servlet.FrameworkServlet.processRequest(FrameworkServlet.java:1006)
	at org.springframework.web.servlet.FrameworkServlet.doPost(FrameworkServlet.java:909)
	at javax.servlet.http.HttpServlet.service(HttpServlet.java:681)
	at org.springframework.web.servlet.FrameworkServlet.service(FrameworkServlet.java:883)
	at javax.servlet.http.HttpServlet.service(HttpServlet.java:764)
	at org.apache.catalina.core.ApplicationFilterChain.internalDoFilter(ApplicationFilterChain.java:227)
	at org.apache.catalina.core.ApplicationFilterChain.doFilter(ApplicationFilterChain.java:162)
	at org.apache.tomcat.websocket.server.WsFilter.doFilter(WsFilter.java:53)
	at org.apache.catalina.core.ApplicationFilterChain.internalDoFilter(ApplicationFilterChain.java:189)
	at org.apache.catalina.core.ApplicationFilterChain.doFilter(ApplicationFilterChain.java:162)
	at org.springframework.web.filter.AbstractRequestLoggingFilter.doFilterInternal(AbstractRequestLoggingFilter.java:289)
	at org.springframework.web.filter.OncePerRequestFilter.doFilter(OncePerRequestFilter.java:117)
	at org.apache.catalina.core.ApplicationFilterChain.internalDoFilter(ApplicationFilterChain.java:189)
	at org.apache.catalina.core.ApplicationFilterChain.doFilter(ApplicationFilterChain.java:162)
	at org.springframework.security.web.FilterChainProxy$VirtualFilterChain.doFilter(FilterChainProxy.java:337)
	at org.springframework.security.web.access.intercept.FilterSecurityInterceptor.invoke(FilterSecurityInterceptor.java:115)
	at org.springframework.security.web.access.intercept.FilterSecurityInterceptor.doFilter(FilterSecurityInterceptor.java:81)
	at org.springframework.security.web.FilterChainProxy$VirtualFilterChain.doFilter(FilterChainProxy.java:346)
	at org.springframework.security.web.access.ExceptionTranslationFilter.doFilter(ExceptionTranslationFilter.java:122)
	at org.springframework.security.web.access.ExceptionTranslationFilter.doFilter(ExceptionTranslationFilter.java:116)
	at org.springframework.security.web.FilterChainProxy$VirtualFilterChain.doFilter(FilterChainProxy.java:346)
	at org.springframework.security.web.session.SessionManagementFilter.doFilter(SessionManagementFilter.java:126)
	at org.springframework.security.web.session.SessionManagementFilter.doFilter(SessionManagementFilter.java:81)
	at org.springframework.security.web.FilterChainProxy$VirtualFilterChain.doFilter(FilterChainProxy.java:346)
	at org.springframework.security.web.authentication.AnonymousAuthenticationFilter.doFilter(AnonymousAuthenticationFilter.java:109)
	at org.springframework.security.web.FilterChainProxy$VirtualFilterChain.doFilter(FilterChainProxy.java:346)
	at org.springframework.security.web.servletapi.SecurityContextHolderAwareRequestFilter.doFilter(SecurityContextHolderAwareRequestFilter.java:149)
	at org.springframework.security.web.FilterChainProxy$VirtualFilterChain.doFilter(FilterChainProxy.java:346)
	at org.springframework.security.web.savedrequest.RequestCacheAwareFilter.doFilter(RequestCacheAwareFilter.java:63)
	at org.springframework.security.web.FilterChainProxy$VirtualFilterChain.doFilter(FilterChainProxy.java:346)
	at org.springframework.security.web.authentication.AbstractAuthenticationProcessingFilter.doFilter(AbstractAuthenticationProcessingFilter.java:223)
	at org.springframework.security.web.authentication.AbstractAuthenticationProcessingFilter.doFilter(AbstractAuthenticationProcessingFilter.java:217)
	at org.springframework.security.web.FilterChainProxy$VirtualFilterChain.doFilter(FilterChainProxy.java:346)
	at org.springframework.security.web.authentication.logout.LogoutFilter.doFilter(LogoutFilter.java:103)
	at org.springframework.security.web.authentication.logout.LogoutFilter.doFilter(LogoutFilter.java:89)
	at org.springframework.security.web.FilterChainProxy$VirtualFilterChain.doFilter(FilterChainProxy.java:346)
	at org.springframework.security.web.header.HeaderWriterFilter.doHeadersAfter(HeaderWriterFilter.java:90)
	at org.springframework.security.web.header.HeaderWriterFilter.doFilterInternal(HeaderWriterFilter.java:75)
	at org.springframework.web.filter.OncePerRequestFilter.doFilter(OncePerRequestFilter.java:117)
	at org.springframework.security.web.FilterChainProxy$VirtualFilterChain.doFilter(FilterChainProxy.java:346)
	at org.springframework.security.web.context.SecurityContextPersistenceFilter.doFilter(SecurityContextPersistenceFilter.java:112)
	at org.springframework.security.web.context.SecurityContextPersistenceFilter.doFilter(SecurityContextPersistenceFilter.java:82)
	at org.springframework.security.web.FilterChainProxy$VirtualFilterChain.doFilter(FilterChainProxy.java:346)
	at org.springframework.security.web.context.request.async.WebAsyncManagerIntegrationFilter.doFilterInternal(WebAsyncManagerIntegrationFilter.java:55)
	at org.springframework.web.filter.OncePerRequestFilter.doFilter(OncePerRequestFilter.java:117)
	at org.springframework.security.web.FilterChainProxy$VirtualFilterChain.doFilter(FilterChainProxy.java:346)
	at org.springframework.security.web.session.DisableEncodeUrlFilter.doFilterInternal(DisableEncodeUrlFilter.java:42)
	at org.springframework.web.filter.OncePerRequestFilter.doFilter(OncePerRequestFilter.java:117)
	at org.springframework.security.web.FilterChainProxy$VirtualFilterChain.doFilter(FilterChainProxy.java:346)
	at org.springframework.security.web.FilterChainProxy.doFilterInternal(FilterChainProxy.java:221)
	at org.springframework.security.web.FilterChainProxy.doFilter(FilterChainProxy.java:186)
	at org.springframework.web.filter.DelegatingFilterProxy.invokeDelegate(DelegatingFilterProxy.java:354)
	at org.springframework.web.filter.DelegatingFilterProxy.doFilter(DelegatingFilterProxy.java:267)
	at org.apache.catalina.core.ApplicationFilterChain.internalDoFilter(ApplicationFilterChain.java:189)
	at org.apache.catalina.core.ApplicationFilterChain.doFilter(ApplicationFilterChain.java:162)
	at org.springframework.web.filter.RequestContextFilter.doFilterInternal(RequestContextFilter.java:100)
	at org.springframework.web.filter.OncePerRequestFilter.doFilter(OncePerRequestFilter.java:117)
	at org.apache.catalina.core.ApplicationFilterChain.internalDoFilter(ApplicationFilterChain.java:189)
	at org.apache.catalina.core.ApplicationFilterChain.doFilter(ApplicationFilterChain.java:162)
	at org.springframework.web.filter.FormContentFilter.doFilterInternal(FormContentFilter.java:93)
	at org.springframework.web.filter.OncePerRequestFilter.doFilter(OncePerRequestFilter.java:117)
	at org.apache.catalina.core.ApplicationFilterChain.internalDoFilter(ApplicationFilterChain.java:189)
	at org.apache.catalina.core.ApplicationFilterChain.doFilter(ApplicationFilterChain.java:162)
	at org.springframework.boot.actuate.metrics.web.servlet.WebMvcMetricsFilter.doFilterInternal(WebMvcMetricsFilter.java:96)
	at org.springframework.web.filter.OncePerRequestFilter.doFilter(OncePerRequestFilter.java:117)
	at org.apache.catalina.core.ApplicationFilterChain.internalDoFilter(ApplicationFilterChain.java:189)
	at org.apache.catalina.core.ApplicationFilterChain.doFilter(ApplicationFilterChain.java:162)
	at org.springframework.web.filter.CharacterEncodingFilter.doFilterInternal(CharacterEncodingFilter.java:201)
	at org.springframework.web.filter.OncePerRequestFilter.doFilter(OncePerRequestFilter.java:117)
	at org.apache.catalina.core.ApplicationFilterChain.internalDoFilter(ApplicationFilterChain.java:189)
	at org.apache.catalina.core.ApplicationFilterChain.doFilter(ApplicationFilterChain.java:162)
	at org.apache.catalina.core.StandardWrapperValve.invoke(StandardWrapperValve.java:197)
	at org.apache.catalina.core.StandardContextValve.invoke(StandardContextValve.java:97)
	at org.apache.catalina.authenticator.AuthenticatorBase.invoke(AuthenticatorBase.java:541)
	at org.apache.catalina.core.StandardHostValve.invoke(StandardHostValve.java:135)
	at org.apache.catalina.valves.ErrorReportValve.invoke(ErrorReportValve.java:92)
	at org.apache.catalina.core.StandardEngineValve.invoke(StandardEngineValve.java:78)
	at org.apache.catalina.connector.CoyoteAdapter.service(CoyoteAdapter.java:360)
	at org.apache.coyote.http11.Http11Processor.service(Http11Processor.java:399)
	at org.apache.coyote.AbstractProcessorLight.process(AbstractProcessorLight.java:65)
	at org.apache.coyote.AbstractProtocol$ConnectionHandler.process(AbstractProtocol.java:890)
	at org.apache.tomcat.util.net.NioEndpoint$SocketProcessor.doRun(NioEndpoint.java:1789)
	at org.apache.tomcat.util.net.SocketProcessorBase.run(SocketProcessorBase.java:49)
	at org.apache.tomcat.util.threads.ThreadPoolExecutor.runWorker(ThreadPoolExecutor.java:1191)
	at org.apache.tomcat.util.threads.ThreadPoolExecutor$Worker.run(ThreadPoolExecutor.java:659)
	at org.apache.tomcat.util.threads.TaskThread$WrappingRunnable.run(TaskThread.java:61)
	at java.base/java.lang.Thread.run(Thread.java:829)
2024-08-06 14:22:54,126 ERROR org.apache.juli.logging.DirectJDKLog [http-nio-8080-exec-1] Exception Processing ErrorPage[exceptionType=java.lang.Throwable, location=/error]
org.apache.catalina.connector.ClientAbortException: java.io.IOException: Broken pipe
	at org.apache.catalina.connector.OutputBuffer.doFlush(OutputBuffer.java:310)
	at org.apache.catalina.connector.OutputBuffer.flush(OutputBuffer.java:273)
	at org.apache.catalina.connector.CoyoteOutputStream.flush(CoyoteOutputStream.java:118)
	at org.springframework.util.StreamUtils.copy(StreamUtils.java:170)
	at org.springframework.http.converter.ResourceHttpMessageConverter.writeContent(ResourceHttpMessageConverter.java:139)
	at org.springframework.http.converter.ResourceHttpMessageConverter.writeInternal(ResourceHttpMessageConverter.java:129)
	at org.springframework.http.converter.ResourceHttpMessageConverter.writeInternal(ResourceHttpMessageConverter.java:45)
	at org.springframework.http.converter.AbstractHttpMessageConverter.write(AbstractHttpMessageConverter.java:227)
	at org.springframework.web.servlet.resource.ResourceHttpRequestHandler.handleRequest(ResourceHttpRequestHandler.java:590)
	at org.springframework.web.servlet.mvc.HttpRequestHandlerAdapter.handle(HttpRequestHandlerAdapter.java:52)
	at org.springframework.web.servlet.DispatcherServlet.doDispatch(DispatcherServlet.java:1070)
	at org.springframework.web.servlet.DispatcherServlet.doService(DispatcherServlet.java:963)
	at org.springframework.web.servlet.FrameworkServlet.processRequest(FrameworkServlet.java:1006)
	at org.springframework.web.servlet.FrameworkServlet.doGet(FrameworkServlet.java:898)
	at javax.servlet.http.HttpServlet.service(HttpServlet.java:655)
	at org.springframework.web.servlet.FrameworkServlet.service(FrameworkServlet.java:883)
	at javax.servlet.http.HttpServlet.service(HttpServlet.java:764)
	at org.apache.catalina.core.ApplicationFilterChain.internalDoFilter(ApplicationFilterChain.java:227)
	at org.apache.catalina.core.ApplicationFilterChain.doFilter(ApplicationFilterChain.java:162)
	at org.springframework.web.filter.OncePerRequestFilter.doFilter(OncePerRequestFilter.java:102)
	at org.apache.catalina.core.ApplicationFilterChain.internalDoFilter(ApplicationFilterChain.java:189)
	at org.apache.catalina.core.ApplicationFilterChain.doFilter(ApplicationFilterChain.java:162)
	at org.springframework.web.filter.RequestContextFilter.doFilterInternal(RequestContextFilter.java:100)
	at org.springframework.web.filter.OncePerRequestFilter.doFilter(OncePerRequestFilter.java:117)
	at org.apache.catalina.core.ApplicationFilterChain.internalDoFilter(ApplicationFilterChain.java:189)
	at org.apache.catalina.core.ApplicationFilterChain.doFilter(ApplicationFilterChain.java:162)
	at org.springframework.web.filter.OncePerRequestFilter.doFilter(OncePerRequestFilter.java:102)
	at org.apache.catalina.core.ApplicationFilterChain.internalDoFilter(ApplicationFilterChain.java:189)
	at org.apache.catalina.core.ApplicationFilterChain.doFilter(ApplicationFilterChain.java:162)
	at org.springframework.web.filter.OncePerRequestFilter.doFilter(OncePerRequestFilter.java:102)
	at org.apache.catalina.core.ApplicationFilterChain.internalDoFilter(ApplicationFilterChain.java:189)
	at org.apache.catalina.core.ApplicationFilterChain.doFilter(ApplicationFilterChain.java:162)
	at org.apache.catalina.core.ApplicationDispatcher.invoke(ApplicationDispatcher.java:711)
	at org.apache.catalina.core.ApplicationDispatcher.doInclude(ApplicationDispatcher.java:578)
	at org.apache.catalina.core.ApplicationDispatcher.include(ApplicationDispatcher.java:517)
	at org.apache.catalina.core.StandardHostValve.custom(StandardHostValve.java:384)
	at org.apache.catalina.core.StandardHostValve.throwable(StandardHostValve.java:327)
	at org.apache.catalina.core.AsyncContextImpl.setErrorState(AsyncContextImpl.java:439)
	at org.apache.catalina.connector.CoyoteAdapter.asyncDispatch(CoyoteAdapter.java:167)
	at org.apache.coyote.AbstractProcessor.dispatch(AbstractProcessor.java:241)
	at org.apache.coyote.AbstractProcessorLight.process(AbstractProcessorLight.java:59)
	at org.apache.coyote.AbstractProtocol$ConnectionHandler.process(AbstractProtocol.java:890)
	at org.apache.tomcat.util.net.NioEndpoint$SocketProcessor.doRun(NioEndpoint.java:1789)
	at org.apache.tomcat.util.net.SocketProcessorBase.run(SocketProcessorBase.java:49)
	at org.apache.tomcat.util.threads.ThreadPoolExecutor.runWorker(ThreadPoolExecutor.java:1191)
	at org.apache.tomcat.util.threads.ThreadPoolExecutor$Worker.run(ThreadPoolExecutor.java:659)
	at org.apache.tomcat.util.threads.TaskThread$WrappingRunnable.run(TaskThread.java:61)
	at java.base/java.lang.Thread.run(Thread.java:829)
Caused by: java.io.IOException: Broken pipe
	at java.base/sun.nio.ch.FileDispatcherImpl.write0(Native Method)
	at java.base/sun.nio.ch.SocketDispatcher.write(SocketDispatcher.java:47)
	at java.base/sun.nio.ch.IOUtil.writeFromNativeBuffer(IOUtil.java:113)
	at java.base/sun.nio.ch.IOUtil.write(IOUtil.java:79)
	at java.base/sun.nio.ch.IOUtil.write(IOUtil.java:50)
	at java.base/sun.nio.ch.SocketChannelImpl.write(SocketChannelImpl.java:462)
	at org.apache.tomcat.util.net.NioChannel.write(NioChannel.java:135)
	at org.apache.tomcat.util.net.NioEndpoint$NioSocketWrapper.doWrite(NioEndpoint.java:1424)
	at org.apache.tomcat.util.net.SocketWrapperBase.doWrite(SocketWrapperBase.java:768)
	at org.apache.tomcat.util.net.SocketWrapperBase.flushBlocking(SocketWrapperBase.java:732)
	at org.apache.tomcat.util.net.SocketWrapperBase.flush(SocketWrapperBase.java:716)
	at org.apache.coyote.http11.Http11OutputBuffer$SocketOutputBuffer.flush(Http11OutputBuffer.java:573)
	at org.apache.coyote.http11.filters.ChunkedOutputFilter.flush(ChunkedOutputFilter.java:157)
	at org.apache.coyote.http11.Http11OutputBuffer.flush(Http11OutputBuffer.java:221)
	at org.apache.coyote.http11.Http11Processor.flush(Http11Processor.java:1255)
	at org.apache.coyote.AbstractProcessor.action(AbstractProcessor.java:402)
	at org.apache.coyote.Response.action(Response.java:209)
	at org.apache.catalina.connector.OutputBuffer.doFlush(OutputBuffer.java:306)
	... 47 common frames omitted
2024-08-06 14:23:01,179 INFO com.marklogic.hub.central.controllers.FlowController [http-nio-8080-exec-1] Uploading files to /var/folders/v1/38lpnmpd28b_ff0gzm4xd4tdc4d2ft/T/ingestion-7265670753210207931 in the server. If 'inputFilePath'  is specified in the ingestion step, this path overrides it.
2024-08-06 14:23:01,181 INFO com.marklogic.hub.central.controllers.FlowController [http-nio-8080-exec-1] Files successfully uploaded
2024-08-06 14:23:01,505 INFO com.marklogic.hub.step.impl.FileCollector [pool-1-thread-1] Finding files in directory: /var/folders/v1/38lpnmpd28b_ff0gzm4xd4tdc4d2ft/T/ingestion-7265670753210207931
2024-08-06 14:23:01,997 INFO com.marklogic.client.datamovement.impl.WriteBatcherImpl [pool-1-thread-1] (withForestConfig) Using forests on [localhost] hosts for "navy-STAGING"
2024-08-06 14:23:02,000 INFO com.marklogic.client.datamovement.impl.WriteBatcherImpl [pool-1-thread-1] Adding DatabaseClient on port 8010 for host "localhost" to the rotation
2024-08-06 14:23:02,011 INFO com.marklogic.client.datamovement.impl.WriteBatcherImpl [pool-1-thread-1] threadCount=4
2024-08-06 14:23:02,011 INFO com.marklogic.client.datamovement.impl.WriteBatcherImpl [pool-1-thread-1] batchSize=100
2024-08-06 14:23:02,036 INFO com.marklogic.client.datamovement.impl.WriteBatcherImpl [Thread-2] flushing 50 queued docs
2024-08-06 14:23:03,012 INFO com.marklogic.hub.step.impl.QueryStepRunner [pool-1-thread-1] Collecting items for step '2' in flow 'weaponsFlow'
2024-08-06 14:23:03,033 INFO com.marklogic.hub.step.impl.QueryStepRunner [pool-1-thread-1] Count of items collected: 50; will be processed in a single batch based on batchSize of 100
2024-08-06 14:23:03,037 INFO com.marklogic.client.datamovement.impl.QueryBatcherImpl [pool-1-thread-1] (withForestConfig) Using forests on [localhost] hosts for "navy-STAGING"
2024-08-06 14:23:03,038 INFO com.marklogic.hub.step.impl.QueryStepRunner [pool-1-thread-1] Starting processing of items for step '2' in flow 'weaponsFlow'
2024-08-06 14:23:03,038 INFO com.marklogic.client.datamovement.impl.QueryBatcherImpl [pool-1-thread-1] Starting job forest length=3, docBatchSize=100, docToUriBatchRatio=1, threadCount=4, onUrisReady listeners=2, failure listeners=4
2024-08-06 14:23:03,705 INFO com.marklogic.client.datamovement.impl.QueryBatcherImpl$QueryThreadPoolExecutor [Thread-3] Job complete, jobBatchNumber=1, jobResultsSoFar=50
2024-08-06 14:23:03,705 INFO com.marklogic.hub.step.impl.QueryStepRunner [Thread-3] Finished processing of items for step '2' in flow 'weaponsFlow'
2024-08-06 14:23:31,571 INFO com.marklogic.hub.central.controllers.FlowController [http-nio-8080-exec-3] Uploading files to /var/folders/v1/38lpnmpd28b_ff0gzm4xd4tdc4d2ft/T/ingestion-9533351370224539283 in the server. If 'inputFilePath'  is specified in the ingestion step, this path overrides it.
2024-08-06 14:23:31,572 INFO com.marklogic.hub.central.controllers.FlowController [http-nio-8080-exec-3] Files successfully uploaded
2024-08-06 14:23:31,611 INFO com.marklogic.hub.step.impl.FileCollector [pool-4-thread-1] Finding files in directory: /var/folders/v1/38lpnmpd28b_ff0gzm4xd4tdc4d2ft/T/ingestion-9533351370224539283
2024-08-06 14:23:31,634 INFO com.marklogic.client.datamovement.impl.WriteBatcherImpl [pool-4-thread-1] (withForestConfig) Using forests on [localhost] hosts for "navy-STAGING"
2024-08-06 14:23:31,634 INFO com.marklogic.client.datamovement.impl.WriteBatcherImpl [pool-4-thread-1] Adding DatabaseClient on port 8010 for host "localhost" to the rotation
2024-08-06 14:23:31,635 INFO com.marklogic.client.datamovement.impl.WriteBatcherImpl [pool-4-thread-1] threadCount=4
2024-08-06 14:23:31,635 INFO com.marklogic.client.datamovement.impl.WriteBatcherImpl [pool-4-thread-1] batchSize=100
2024-08-06 14:23:31,641 INFO com.marklogic.client.datamovement.impl.WriteBatcherImpl [Thread-4] flushing 24 queued docs
2024-08-06 14:23:32,244 INFO com.marklogic.hub.step.impl.QueryStepRunner [pool-4-thread-1] Collecting items for step '2' in flow 'weaponPartsFlow'
2024-08-06 14:23:32,264 INFO com.marklogic.hub.step.impl.QueryStepRunner [pool-4-thread-1] Count of items collected: 224; will be processed in 3 batches based on batchSize of 100
2024-08-06 14:23:32,268 INFO com.marklogic.client.datamovement.impl.QueryBatcherImpl [pool-4-thread-1] (withForestConfig) Using forests on [localhost] hosts for "navy-STAGING"
2024-08-06 14:23:32,268 INFO com.marklogic.hub.step.impl.QueryStepRunner [pool-4-thread-1] Starting processing of items for step '2' in flow 'weaponPartsFlow'
2024-08-06 14:23:32,268 INFO com.marklogic.client.datamovement.impl.QueryBatcherImpl [pool-4-thread-1] Starting job forest length=3, docBatchSize=100, docToUriBatchRatio=1, threadCount=4, onUrisReady listeners=2, failure listeners=4
2024-08-06 14:23:32,570 INFO com.marklogic.client.datamovement.impl.QueryBatcherImpl$QueryThreadPoolExecutor [Thread-5] Job complete, jobBatchNumber=3, jobResultsSoFar=224
2024-08-06 14:23:32,570 INFO com.marklogic.hub.step.impl.QueryStepRunner [Thread-5] Finished processing of items for step '2' in flow 'weaponPartsFlow'
2024-08-06 14:49:21,296 INFO com.marklogic.hub.impl.HubConfigImpl [http-nio-8080-exec-8] Reading the datahub config for hubcentral from the datahubConfig.json file successful
2024-08-06 14:49:21,301 INFO com.marklogic.appdeployer.DefaultAppConfigFactory [http-nio-8080-exec-8] App host: localhost
2024-08-06 14:49:21,301 INFO com.marklogic.appdeployer.DefaultAppConfigFactory [http-nio-8080-exec-8] REST admin username: DrSmith
2024-08-06 14:49:21,302 INFO com.marklogic.appdeployer.DefaultAppConfigFactory [http-nio-8080-exec-8] App Services username: DrSmith
2024-08-06 14:49:21,302 INFO com.marklogic.appdeployer.DefaultAppConfigFactory [http-nio-8080-exec-8] Module permissions: %%mlModulePermissions%%
2024-08-06 14:49:21,303 INFO com.marklogic.mgmt.admin.DefaultAdminConfigFactory [http-nio-8080-exec-8] Admin interface host: localhost
2024-08-06 14:49:21,303 INFO com.marklogic.mgmt.admin.DefaultAdminConfigFactory [http-nio-8080-exec-8] Admin interface username: DrSmith
2024-08-06 14:49:21,303 INFO com.marklogic.mgmt.DefaultManageConfigFactory [http-nio-8080-exec-8] Manage host: localhost
2024-08-06 14:49:21,304 INFO com.marklogic.mgmt.DefaultManageConfigFactory [http-nio-8080-exec-8] Manage username: DrSmith
2024-08-06 14:49:21,304 INFO com.marklogic.mgmt.DefaultManageConfigFactory [http-nio-8080-exec-8] Manage user with security role: DrSmith
2024-08-06 14:49:21,318 INFO com.marklogic.mgmt.ManageClient [http-nio-8080-exec-8] Initializing ManageClient with manage config of: [ManageConfig host: localhost, port: 8002, username: DrSmith, security username: DrSmith]
2024-08-06 14:49:21,331 INFO com.marklogic.mgmt.ManageClient [http-nio-8080-exec-8] Initializing ManageClient with manage config of: [ManageConfig host: localhost, port: 8002, username: DrSmith, security username: DrSmith]
